{"/Users/gziolo/PhpstormProjects/wp-calypso/server/api/index.js": {"path":"/Users/gziolo/PhpstormProjects/wp-calypso/server/api/index.js","statementMap":{"0":{"start":{"line":4,"column":14},"end":{"line":4,"column":34}},"1":{"start":{"line":9,"column":14},"end":{"line":9,"column":53}},"2":{"start":{"line":10,"column":10},"end":{"line":10,"column":29}},"3":{"start":{"line":11,"column":9},"end":{"line":11,"column":29}},"4":{"start":{"line":13,"column":0},"end":{"line":27,"column":2}},"5":{"start":{"line":14,"column":11},"end":{"line":14,"column":20}},"6":{"start":{"line":16,"column":1},"end":{"line":20,"column":5}},"7":{"start":{"line":17,"column":2},"end":{"line":19,"column":6}},"8":{"start":{"line":22,"column":1},"end":{"line":24,"column":2}},"9":{"start":{"line":23,"column":2},"end":{"line":23,"column":15}},"10":{"start":{"line":26,"column":1},"end":{"line":26,"column":12}}},"fnMap":{"0":{"name":"(anonymous_0)","decl":{"start":{"line":13,"column":17},"end":{"line":13,"column":18}},"loc":{"start":{"line":13,"column":28},"end":{"line":27,"column":1}},"line":13},"1":{"name":"(anonymous_1)","decl":{"start":{"line":16,"column":22},"end":{"line":16,"column":23}},"loc":{"start":{"line":16,"column":52},"end":{"line":20,"column":2}},"line":16}},"branchMap":{"0":{"loc":{"start":{"line":22,"column":1},"end":{"line":24,"column":2}},"type":"if","locations":[{"start":{"line":22,"column":1},"end":{"line":24,"column":2}},{"start":{"line":22,"column":1},"end":{"line":24,"column":2}}],"line":22}},"s":{"0":1,"1":1,"2":1,"3":1,"4":1,"5":1,"6":1,"7":0,"8":1,"9":1,"10":1},"f":{"0":1,"1":0},"b":{"0":[1,0]},"_coverageSchema":"332fd63041d2c1bcb487cc26dd0d5f7d97098a6c","hash":"9d86a8251e3ae46150d438be37401e23313cefd4"}
,"/Users/gziolo/PhpstormProjects/wp-calypso/server/api/oauth.js": {"path":"/Users/gziolo/PhpstormProjects/wp-calypso/server/api/oauth.js","statementMap":{"0":{"start":{"line":4,"column":10},"end":{"line":4,"column":33}},"1":{"start":{"line":5,"column":14},"end":{"line":5,"column":38}},"2":{"start":{"line":10,"column":13},"end":{"line":10,"column":32}},"3":{"start":{"line":13,"column":1},"end":{"line":18,"column":2}},"4":{"start":{"line":27,"column":12},"end":{"line":30,"column":13}},"5":{"start":{"line":32,"column":1},"end":{"line":35,"column":2}},"6":{"start":{"line":34,"column":2},"end":{"line":34,"column":42}},"7":{"start":{"line":37,"column":1},"end":{"line":43,"column":8}},"8":{"start":{"line":42,"column":3},"end":{"line":42,"column":29}},"9":{"start":{"line":47,"column":1},"end":{"line":54,"column":2}},"10":{"start":{"line":48,"column":2},"end":{"line":52,"column":3}},"11":{"start":{"line":49,"column":3},"end":{"line":51,"column":185}},"12":{"start":{"line":53,"column":2},"end":{"line":53,"column":30}},"13":{"start":{"line":58,"column":1},"end":{"line":66,"column":2}},"14":{"start":{"line":60,"column":2},"end":{"line":64,"column":3}},"15":{"start":{"line":61,"column":3},"end":{"line":63,"column":33}},"16":{"start":{"line":65,"column":2},"end":{"line":65,"column":30}},"17":{"start":{"line":70,"column":1},"end":{"line":70,"column":76}},"18":{"start":{"line":74,"column":1},"end":{"line":74,"column":39}},"19":{"start":{"line":75,"column":1},"end":{"line":75,"column":44}},"20":{"start":{"line":79,"column":12},"end":{"line":83,"column":13}},"21":{"start":{"line":85,"column":1},"end":{"line":90,"column":8}},"22":{"start":{"line":89,"column":3},"end":{"line":89,"column":28}},"23":{"start":{"line":93,"column":0},"end":{"line":99,"column":1}},"24":{"start":{"line":94,"column":1},"end":{"line":98,"column":23}}},"fnMap":{"0":{"name":"oauth","decl":{"start":{"line":12,"column":9},"end":{"line":12,"column":14}},"loc":{"start":{"line":12,"column":17},"end":{"line":19,"column":1}},"line":12},"1":{"name":"proxyOAuth","decl":{"start":{"line":25,"column":9},"end":{"line":25,"column":19}},"loc":{"start":{"line":25,"column":41},"end":{"line":44,"column":1}},"line":25},"2":{"name":"(anonymous_2)","decl":{"start":{"line":40,"column":41},"end":{"line":40,"column":42}},"loc":{"start":{"line":40,"column":64},"end":{"line":43,"column":3}},"line":40},"3":{"name":"checkConnection","decl":{"start":{"line":46,"column":9},"end":{"line":46,"column":24}},"loc":{"start":{"line":46,"column":47},"end":{"line":55,"column":1}},"line":46},"4":{"name":"(anonymous_4)","decl":{"start":{"line":47,"column":8},"end":{"line":47,"column":9}},"loc":{"start":{"line":47,"column":42},"end":{"line":54,"column":2}},"line":47},"5":{"name":"proxyError","decl":{"start":{"line":57,"column":9},"end":{"line":57,"column":19}},"loc":{"start":{"line":57,"column":42},"end":{"line":67,"column":1}},"line":57},"6":{"name":"(anonymous_6)","decl":{"start":{"line":58,"column":8},"end":{"line":58,"column":9}},"loc":{"start":{"line":58,"column":42},"end":{"line":66,"column":2}},"line":58},"7":{"name":"validateOauthResponse","decl":{"start":{"line":69,"column":9},"end":{"line":69,"column":30}},"loc":{"start":{"line":69,"column":53},"end":{"line":71,"column":1}},"line":69},"8":{"name":"logout","decl":{"start":{"line":73,"column":9},"end":{"line":73,"column":15}},"loc":{"start":{"line":73,"column":37},"end":{"line":76,"column":1}},"line":73},"9":{"name":"sms","decl":{"start":{"line":78,"column":9},"end":{"line":78,"column":12}},"loc":{"start":{"line":78,"column":34},"end":{"line":91,"column":1}},"line":78},"10":{"name":"(anonymous_10)","decl":{"start":{"line":88,"column":41},"end":{"line":88,"column":42}},"loc":{"start":{"line":88,"column":64},"end":{"line":90,"column":3}},"line":88},"11":{"name":"(anonymous_11)","decl":{"start":{"line":93,"column":17},"end":{"line":93,"column":18}},"loc":{"start":{"line":93,"column":33},"end":{"line":99,"column":1}},"line":93}},"branchMap":{"0":{"loc":{"start":{"line":32,"column":1},"end":{"line":35,"column":2}},"type":"if","locations":[{"start":{"line":32,"column":1},"end":{"line":35,"column":2}},{"start":{"line":32,"column":1},"end":{"line":35,"column":2}}],"line":32},"1":{"loc":{"start":{"line":48,"column":2},"end":{"line":52,"column":3}},"type":"if","locations":[{"start":{"line":48,"column":2},"end":{"line":52,"column":3}},{"start":{"line":48,"column":2},"end":{"line":52,"column":3}}],"line":48},"2":{"loc":{"start":{"line":60,"column":2},"end":{"line":64,"column":3}},"type":"if","locations":[{"start":{"line":60,"column":2},"end":{"line":64,"column":3}},{"start":{"line":60,"column":2},"end":{"line":64,"column":3}}],"line":60}},"s":{"0":1,"1":1,"2":1,"3":0,"4":0,"5":0,"6":0,"7":0,"8":0,"9":0,"10":0,"11":0,"12":0,"13":0,"14":0,"15":0,"16":0,"17":0,"18":0,"19":0,"20":0,"21":0,"22":0,"23":1,"24":1},"f":{"0":0,"1":0,"2":0,"3":0,"4":0,"5":0,"6":0,"7":0,"8":0,"9":0,"10":0,"11":1},"b":{"0":[0,0],"1":[0,0],"2":[0,0]},"_coverageSchema":"332fd63041d2c1bcb487cc26dd0d5f7d97098a6c","hash":"b7f6c0123ca0506abab8cdd42702b94cdfd1a1dd"}
,"/Users/gziolo/PhpstormProjects/wp-calypso/server/boot/index.js": {"path":"/Users/gziolo/PhpstormProjects/wp-calypso/server/boot/index.js","statementMap":{"0":{"start":{"line":4,"column":11},"end":{"line":4,"column":26}},"1":{"start":{"line":5,"column":8},"end":{"line":5,"column":24}},"2":{"start":{"line":6,"column":9},"end":{"line":6,"column":26}},"3":{"start":{"line":7,"column":10},"end":{"line":7,"column":28}},"4":{"start":{"line":8,"column":9},"end":{"line":8,"column":26}},"5":{"start":{"line":9,"column":8},"end":{"line":9,"column":24}},"6":{"start":{"line":18,"column":11},"end":{"line":18,"column":20}},"7":{"start":{"line":25,"column":1},"end":{"line":25,"column":27}},"8":{"start":{"line":28,"column":1},"end":{"line":28,"column":32}},"9":{"start":{"line":30,"column":1},"end":{"line":48,"column":2}},"10":{"start":{"line":32,"column":2},"end":{"line":35,"column":3}},"11":{"start":{"line":34,"column":3},"end":{"line":34,"column":20}},"12":{"start":{"line":37,"column":2},"end":{"line":37,"column":31}},"13":{"start":{"line":38,"column":2},"end":{"line":38,"column":15}},"14":{"start":{"line":41,"column":2},"end":{"line":41,"column":25}},"15":{"start":{"line":43,"column":2},"end":{"line":43,"column":37}},"16":{"start":{"line":44,"column":2},"end":{"line":44,"column":14}},"17":{"start":{"line":47,"column":2},"end":{"line":47,"column":30}},"18":{"start":{"line":51,"column":1},"end":{"line":51,"column":84}},"19":{"start":{"line":54,"column":1},"end":{"line":54,"column":140}},"20":{"start":{"line":57,"column":1},"end":{"line":60,"column":2}},"21":{"start":{"line":58,"column":2},"end":{"line":58,"column":84}},"22":{"start":{"line":59,"column":2},"end":{"line":59,"column":84}},"23":{"start":{"line":62,"column":1},"end":{"line":65,"column":2}},"24":{"start":{"line":63,"column":2},"end":{"line":63,"column":31}},"25":{"start":{"line":64,"column":2},"end":{"line":64,"column":21}},"26":{"start":{"line":67,"column":1},"end":{"line":69,"column":2}},"27":{"start":{"line":68,"column":2},"end":{"line":68,"column":99}},"28":{"start":{"line":71,"column":1},"end":{"line":71,"column":22}},"29":{"start":{"line":72,"column":1},"end":{"line":72,"column":16}},"30":{"start":{"line":75,"column":1},"end":{"line":75,"column":18}},"31":{"start":{"line":77,"column":1},"end":{"line":77,"column":12}},"32":{"start":{"line":83,"column":0},"end":{"line":83,"column":23}}},"fnMap":{"0":{"name":"setup","decl":{"start":{"line":16,"column":9},"end":{"line":16,"column":14}},"loc":{"start":{"line":16,"column":17},"end":{"line":78,"column":1}},"line":16}},"branchMap":{"0":{"loc":{"start":{"line":30,"column":1},"end":{"line":48,"column":2}},"type":"if","locations":[{"start":{"line":30,"column":1},"end":{"line":48,"column":2}},{"start":{"line":30,"column":1},"end":{"line":48,"column":2}}],"line":30},"1":{"loc":{"start":{"line":32,"column":2},"end":{"line":35,"column":3}},"type":"if","locations":[{"start":{"line":32,"column":2},"end":{"line":35,"column":3}},{"start":{"line":32,"column":2},"end":{"line":35,"column":3}}],"line":32},"2":{"loc":{"start":{"line":57,"column":1},"end":{"line":60,"column":2}},"type":"if","locations":[{"start":{"line":57,"column":1},"end":{"line":60,"column":2}},{"start":{"line":57,"column":1},"end":{"line":60,"column":2}}],"line":57},"3":{"loc":{"start":{"line":62,"column":1},"end":{"line":65,"column":2}},"type":"if","locations":[{"start":{"line":62,"column":1},"end":{"line":65,"column":2}},{"start":{"line":62,"column":1},"end":{"line":65,"column":2}}],"line":62},"4":{"loc":{"start":{"line":67,"column":1},"end":{"line":69,"column":2}},"type":"if","locations":[{"start":{"line":67,"column":1},"end":{"line":69,"column":2}},{"start":{"line":67,"column":1},"end":{"line":69,"column":2}}],"line":67}},"s":{"0":0,"1":0,"2":0,"3":0,"4":0,"5":0,"6":0,"7":0,"8":0,"9":0,"10":0,"11":0,"12":0,"13":0,"14":0,"15":0,"16":0,"17":0,"18":0,"19":0,"20":0,"21":0,"22":0,"23":0,"24":0,"25":0,"26":0,"27":0,"28":0,"29":0,"30":0,"31":0,"32":0},"f":{"0":0},"b":{"0":[0,0],"1":[0,0],"2":[0,0],"3":[0,0],"4":[0,0]}}
,"/Users/gziolo/PhpstormProjects/wp-calypso/server/build/index.js": {"path":"/Users/gziolo/PhpstormProjects/wp-calypso/server/build/index.js","statementMap":{"0":{"start":{"line":4,"column":11},"end":{"line":4,"column":26}},"1":{"start":{"line":5,"column":8},"end":{"line":5,"column":38}},"2":{"start":{"line":6,"column":8},"end":{"line":6,"column":33}},"3":{"start":{"line":17,"column":13},"end":{"line":17,"column":17}},"4":{"start":{"line":18,"column":10},"end":{"line":18,"column":12}},"5":{"start":{"line":19,"column":11},"end":{"line":19,"column":46}},"6":{"start":{"line":22,"column":2},"end":{"line":22,"column":44}},"7":{"start":{"line":23,"column":2},"end":{"line":26,"column":40}},"8":{"start":{"line":28,"column":2},"end":{"line":28,"column":14}},"9":{"start":{"line":29,"column":2},"end":{"line":29,"column":29}},"10":{"start":{"line":30,"column":2},"end":{"line":30,"column":35}},"11":{"start":{"line":31,"column":2},"end":{"line":31,"column":36}},"12":{"start":{"line":32,"column":2},"end":{"line":32,"column":36}},"13":{"start":{"line":36,"column":2},"end":{"line":36,"column":31}},"14":{"start":{"line":40,"column":2},"end":{"line":40,"column":48}},"15":{"start":{"line":41,"column":2},"end":{"line":41,"column":48}},"16":{"start":{"line":42,"column":2},"end":{"line":42,"column":15}},"17":{"start":{"line":46,"column":2},"end":{"line":46,"column":48}},"18":{"start":{"line":47,"column":2},"end":{"line":47,"column":36}},"19":{"start":{"line":50,"column":1},"end":{"line":65,"column":3}},"20":{"start":{"line":52,"column":2},"end":{"line":54,"column":3}},"21":{"start":{"line":53,"column":3},"end":{"line":53,"column":15}},"22":{"start":{"line":56,"column":2},"end":{"line":64,"column":5}},"23":{"start":{"line":57,"column":3},"end":{"line":63,"column":4}},"24":{"start":{"line":59,"column":4},"end":{"line":59,"column":11}},"25":{"start":{"line":62,"column":4},"end":{"line":62,"column":73}},"26":{"start":{"line":71,"column":0},"end":{"line":71,"column":23}}},"fnMap":{"0":{"name":"setup","decl":{"start":{"line":15,"column":9},"end":{"line":15,"column":14}},"loc":{"start":{"line":15,"column":17},"end":{"line":66,"column":1}},"line":15},"1":{"name":"spawnMake","decl":{"start":{"line":21,"column":10},"end":{"line":21,"column":19}},"loc":{"start":{"line":21,"column":22},"end":{"line":33,"column":2}},"line":21},"2":{"name":"onstdout","decl":{"start":{"line":35,"column":10},"end":{"line":35,"column":18}},"loc":{"start":{"line":35,"column":22},"end":{"line":37,"column":2}},"line":35},"3":{"name":"onexit","decl":{"start":{"line":39,"column":10},"end":{"line":39,"column":16}},"loc":{"start":{"line":39,"column":19},"end":{"line":43,"column":2}},"line":39},"4":{"name":"onstderr","decl":{"start":{"line":45,"column":10},"end":{"line":45,"column":18}},"loc":{"start":{"line":45,"column":27},"end":{"line":48,"column":2}},"line":45},"5":{"name":"(anonymous_5)","decl":{"start":{"line":50,"column":8},"end":{"line":50,"column":9}},"loc":{"start":{"line":50,"column":34},"end":{"line":65,"column":2}},"line":50},"6":{"name":"(anonymous_6)","decl":{"start":{"line":56,"column":21},"end":{"line":56,"column":22}},"loc":{"start":{"line":56,"column":37},"end":{"line":64,"column":3}},"line":56}},"branchMap":{"0":{"loc":{"start":{"line":52,"column":2},"end":{"line":54,"column":3}},"type":"if","locations":[{"start":{"line":52,"column":2},"end":{"line":54,"column":3}},{"start":{"line":52,"column":2},"end":{"line":54,"column":3}}],"line":52},"1":{"loc":{"start":{"line":57,"column":3},"end":{"line":63,"column":4}},"type":"if","locations":[{"start":{"line":57,"column":3},"end":{"line":63,"column":4}},{"start":{"line":57,"column":3},"end":{"line":63,"column":4}}],"line":57}},"s":{"0":0,"1":0,"2":0,"3":0,"4":0,"5":0,"6":0,"7":0,"8":0,"9":0,"10":0,"11":0,"12":0,"13":0,"14":0,"15":0,"16":0,"17":0,"18":0,"19":0,"20":0,"21":0,"22":0,"23":0,"24":0,"25":0,"26":0},"f":{"0":0,"1":0,"2":0,"3":0,"4":0,"5":0,"6":0},"b":{"0":[0,0],"1":[0,0]}}
,"/Users/gziolo/PhpstormProjects/wp-calypso/server/bundler/assets.js": {"path":"/Users/gziolo/PhpstormProjects/wp-calypso/server/bundler/assets.js","statementMap":{"0":{"start":{"line":4,"column":14},"end":{"line":4,"column":38}},"1":{"start":{"line":5,"column":1},"end":{"line":8,"column":4}},"2":{"start":{"line":6,"column":2},"end":{"line":6,"column":28}},"3":{"start":{"line":7,"column":2},"end":{"line":7,"column":9}},"4":{"start":{"line":11,"column":0},"end":{"line":11,"column":28}}},"fnMap":{"0":{"name":"middleware","decl":{"start":{"line":3,"column":9},"end":{"line":3,"column":19}},"loc":{"start":{"line":3,"column":25},"end":{"line":9,"column":1}},"line":3},"1":{"name":"(anonymous_1)","decl":{"start":{"line":5,"column":9},"end":{"line":5,"column":10}},"loc":{"start":{"line":5,"column":44},"end":{"line":8,"column":2}},"line":5}},"branchMap":{},"s":{"0":0,"1":0,"2":0,"3":0,"4":0},"f":{"0":0,"1":0},"b":{}}
,"/Users/gziolo/PhpstormProjects/wp-calypso/server/bundler/css-hot-reload.js": {"path":"/Users/gziolo/PhpstormProjects/wp-calypso/server/bundler/css-hot-reload.js","statementMap":{"0":{"start":{"line":4,"column":9},"end":{"line":4,"column":22}},"1":{"start":{"line":5,"column":7},"end":{"line":5,"column":22}},"2":{"start":{"line":6,"column":8},"end":{"line":6,"column":38}},"3":{"start":{"line":7,"column":8},"end":{"line":7,"column":58}},"4":{"start":{"line":8,"column":8},"end":{"line":8,"column":24}},"5":{"start":{"line":9,"column":11},"end":{"line":9,"column":30}},"6":{"start":{"line":10,"column":10},"end":{"line":10,"column":29}},"7":{"start":{"line":17,"column":18},"end":{"line":19,"column":26}},"8":{"start":{"line":21,"column":16},"end":{"line":21,"column":51}},"9":{"start":{"line":22,"column":18},"end":{"line":22,"column":47}},"10":{"start":{"line":24,"column":15},"end":{"line":24,"column":19}},"11":{"start":{"line":25,"column":10},"end":{"line":25,"column":12}},"12":{"start":{"line":26,"column":17},"end":{"line":26,"column":22}},"13":{"start":{"line":27,"column":18},"end":{"line":27,"column":20}},"14":{"start":{"line":31,"column":2},"end":{"line":34,"column":3}},"15":{"start":{"line":32,"column":3},"end":{"line":32,"column":24}},"16":{"start":{"line":33,"column":3},"end":{"line":33,"column":10}},"17":{"start":{"line":36,"column":2},"end":{"line":37,"column":26}},"18":{"start":{"line":39,"column":2},"end":{"line":39,"column":44}},"19":{"start":{"line":40,"column":2},"end":{"line":43,"column":40}},"20":{"start":{"line":46,"column":2},"end":{"line":46,"column":14}},"21":{"start":{"line":47,"column":2},"end":{"line":47,"column":31}},"22":{"start":{"line":48,"column":2},"end":{"line":48,"column":37}},"23":{"start":{"line":49,"column":2},"end":{"line":49,"column":37}},"24":{"start":{"line":50,"column":2},"end":{"line":50,"column":38}},"25":{"start":{"line":51,"column":2},"end":{"line":51,"column":38}},"26":{"start":{"line":55,"column":2},"end":{"line":55,"column":31}},"27":{"start":{"line":59,"column":2},"end":{"line":59,"column":31}},"28":{"start":{"line":62,"column":2},"end":{"line":62,"column":19}},"29":{"start":{"line":71,"column":2},"end":{"line":71,"column":50}},"30":{"start":{"line":72,"column":2},"end":{"line":72,"column":50}},"31":{"start":{"line":73,"column":2},"end":{"line":73,"column":17}},"32":{"start":{"line":75,"column":2},"end":{"line":96,"column":3}},"33":{"start":{"line":77,"column":3},"end":{"line":77,"column":25}},"34":{"start":{"line":78,"column":3},"end":{"line":78,"column":15}},"35":{"start":{"line":79,"column":9},"end":{"line":96,"column":3}},"36":{"start":{"line":81,"column":3},"end":{"line":81,"column":42}},"37":{"start":{"line":82,"column":3},"end":{"line":90,"column":4}},"38":{"start":{"line":83,"column":4},"end":{"line":83,"column":37}},"39":{"start":{"line":84,"column":4},"end":{"line":85,"column":54}},"40":{"start":{"line":87,"column":4},"end":{"line":87,"column":41}},"41":{"start":{"line":88,"column":4},"end":{"line":89,"column":30}},"42":{"start":{"line":93,"column":3},"end":{"line":93,"column":40}},"43":{"start":{"line":94,"column":3},"end":{"line":95,"column":46}},"44":{"start":{"line":104,"column":35},"end":{"line":104,"column":37}},"45":{"start":{"line":105,"column":2},"end":{"line":111,"column":3}},"46":{"start":{"line":106,"column":3},"end":{"line":106,"column":33}},"47":{"start":{"line":107,"column":3},"end":{"line":110,"column":4}},"48":{"start":{"line":108,"column":4},"end":{"line":108,"column":36}},"49":{"start":{"line":109,"column":4},"end":{"line":109,"column":47}},"50":{"start":{"line":113,"column":2},"end":{"line":113,"column":22}},"51":{"start":{"line":118,"column":1},"end":{"line":123,"column":4}},"52":{"start":{"line":119,"column":2},"end":{"line":122,"column":3}},"53":{"start":{"line":120,"column":18},"end":{"line":120,"column":45}},"54":{"start":{"line":121,"column":3},"end":{"line":121,"column":53}},"55":{"start":{"line":127,"column":15},"end":{"line":130,"column":21}},"56":{"start":{"line":136,"column":1},"end":{"line":140,"column":4}},"57":{"start":{"line":137,"column":2},"end":{"line":139,"column":3}},"58":{"start":{"line":138,"column":3},"end":{"line":138,"column":15}},"59":{"start":{"line":147,"column":0},"end":{"line":147,"column":23}}},"fnMap":{"0":{"name":"setup","decl":{"start":{"line":15,"column":9},"end":{"line":15,"column":14}},"loc":{"start":{"line":15,"column":19},"end":{"line":142,"column":1}},"line":15},"1":{"name":"spawnMake","decl":{"start":{"line":29,"column":10},"end":{"line":29,"column":19}},"loc":{"start":{"line":29,"column":22},"end":{"line":52,"column":2}},"line":29},"2":{"name":"onstdout","decl":{"start":{"line":54,"column":10},"end":{"line":54,"column":18}},"loc":{"start":{"line":54,"column":22},"end":{"line":56,"column":2}},"line":54},"3":{"name":"onstderr","decl":{"start":{"line":58,"column":10},"end":{"line":58,"column":18}},"loc":{"start":{"line":58,"column":27},"end":{"line":63,"column":2}},"line":58},"4":{"name":"onexit","decl":{"start":{"line":68,"column":10},"end":{"line":68,"column":16}},"loc":{"start":{"line":68,"column":23},"end":{"line":97,"column":2}},"line":68},"5":{"name":"updateChangedCssFiles","decl":{"start":{"line":103,"column":10},"end":{"line":103,"column":31}},"loc":{"start":{"line":103,"column":34},"end":{"line":114,"column":2}},"line":103},"6":{"name":"(anonymous_6)","decl":{"start":{"line":118,"column":36},"end":{"line":118,"column":37}},"loc":{"start":{"line":118,"column":52},"end":{"line":123,"column":2}},"line":118},"7":{"name":"(anonymous_7)","decl":{"start":{"line":136,"column":19},"end":{"line":136,"column":20}},"loc":{"start":{"line":136,"column":42},"end":{"line":140,"column":2}},"line":136}},"branchMap":{"0":{"loc":{"start":{"line":31,"column":2},"end":{"line":34,"column":3}},"type":"if","locations":[{"start":{"line":31,"column":2},"end":{"line":34,"column":3}},{"start":{"line":31,"column":2},"end":{"line":34,"column":3}}],"line":31},"1":{"loc":{"start":{"line":75,"column":2},"end":{"line":96,"column":3}},"type":"if","locations":[{"start":{"line":75,"column":2},"end":{"line":96,"column":3}},{"start":{"line":75,"column":2},"end":{"line":96,"column":3}}],"line":75},"2":{"loc":{"start":{"line":79,"column":9},"end":{"line":96,"column":3}},"type":"if","locations":[{"start":{"line":79,"column":9},"end":{"line":96,"column":3}},{"start":{"line":79,"column":9},"end":{"line":96,"column":3}}],"line":79},"3":{"loc":{"start":{"line":82,"column":3},"end":{"line":90,"column":4}},"type":"if","locations":[{"start":{"line":82,"column":3},"end":{"line":90,"column":4}},{"start":{"line":82,"column":3},"end":{"line":90,"column":4}}],"line":82},"4":{"loc":{"start":{"line":107,"column":3},"end":{"line":110,"column":4}},"type":"if","locations":[{"start":{"line":107,"column":3},"end":{"line":110,"column":4}},{"start":{"line":107,"column":3},"end":{"line":110,"column":4}}],"line":107},"5":{"loc":{"start":{"line":119,"column":2},"end":{"line":122,"column":3}},"type":"if","locations":[{"start":{"line":119,"column":2},"end":{"line":122,"column":3}},{"start":{"line":119,"column":2},"end":{"line":122,"column":3}}],"line":119},"6":{"loc":{"start":{"line":137,"column":2},"end":{"line":139,"column":3}},"type":"if","locations":[{"start":{"line":137,"column":2},"end":{"line":139,"column":3}},{"start":{"line":137,"column":2},"end":{"line":139,"column":3}}],"line":137},"7":{"loc":{"start":{"line":137,"column":6},"end":{"line":137,"column":52}},"type":"binary-expr","locations":[{"start":{"line":137,"column":6},"end":{"line":137,"column":24}},{"start":{"line":137,"column":28},"end":{"line":137,"column":52}}],"line":137}},"s":{"0":0,"1":0,"2":0,"3":0,"4":0,"5":0,"6":0,"7":0,"8":0,"9":0,"10":0,"11":0,"12":0,"13":0,"14":0,"15":0,"16":0,"17":0,"18":0,"19":0,"20":0,"21":0,"22":0,"23":0,"24":0,"25":0,"26":0,"27":0,"28":0,"29":0,"30":0,"31":0,"32":0,"33":0,"34":0,"35":0,"36":0,"37":0,"38":0,"39":0,"40":0,"41":0,"42":0,"43":0,"44":0,"45":0,"46":0,"47":0,"48":0,"49":0,"50":0,"51":0,"52":0,"53":0,"54":0,"55":0,"56":0,"57":0,"58":0,"59":0},"f":{"0":0,"1":0,"2":0,"3":0,"4":0,"5":0,"6":0,"7":0},"b":{"0":[0,0],"1":[0,0],"2":[0,0],"3":[0,0],"4":[0,0],"5":[0,0],"6":[0,0],"7":[0,0]}}
,"/Users/gziolo/PhpstormProjects/wp-calypso/server/bundler/extensions-loader.js": {"path":"/Users/gziolo/PhpstormProjects/wp-calypso/server/bundler/extensions-loader.js","statementMap":{"0":{"start":{"line":1,"column":28},"end":{"line":1,"column":68}},"1":{"start":{"line":1,"column":85},"end":{"line":1,"column":117}},"2":{"start":{"line":1,"column":156},"end":{"line":1,"column":210}},"3":{"start":{"line":1,"column":220},"end":{"line":1,"column":233}},"4":{"start":{"line":2,"column":11},"end":{"line":2,"column":26}},"5":{"start":{"line":3,"column":16},"end":{"line":3,"column":43}},"6":{"start":{"line":4,"column":14},"end":{"line":4,"column":39}},"7":{"start":{"line":7,"column":1},"end":{"line":7,"column":79}},"8":{"start":{"line":11,"column":1},"end":{"line":11,"column":108}},"9":{"start":{"line":15,"column":1},"end":{"line":18,"column":57}},"10":{"start":{"line":24,"column":48},"end":{"line":24,"column":118}},"11":{"start":{"line":25,"column":1},"end":{"line":27,"column":35}},"12":{"start":{"line":26,"column":33},"end":{"line":26,"column":84}},"13":{"start":{"line":31,"column":1},"end":{"line":31,"column":71}},"14":{"start":{"line":35,"column":1},"end":{"line":37,"column":4}},"15":{"start":{"line":36,"column":2},"end":{"line":36,"column":81}},"16":{"start":{"line":36,"column":57},"end":{"line":36,"column":78}},"17":{"start":{"line":40,"column":49},"end":{"line":40,"column":119}},"18":{"start":{"line":41,"column":24},"end":{"line":45,"column":14}},"19":{"start":{"line":42,"column":44},"end":{"line":44,"column":61}},"20":{"start":{"line":44,"column":27},"end":{"line":44,"column":57}},"21":{"start":{"line":47,"column":1},"end":{"line":48,"column":46}},"22":{"start":{"line":47,"column":47},"end":{"line":48,"column":43}},"23":{"start":{"line":52,"column":1},"end":{"line":53,"column":38}},"24":{"start":{"line":56,"column":0},"end":{"line":74,"column":2}},"25":{"start":{"line":57,"column":1},"end":{"line":57,"column":36}},"26":{"start":{"line":59,"column":21},"end":{"line":59,"column":47}},"27":{"start":{"line":61,"column":1},"end":{"line":64,"column":2}},"28":{"start":{"line":62,"column":2},"end":{"line":62,"column":54}},"29":{"start":{"line":63,"column":2},"end":{"line":63,"column":17}},"30":{"start":{"line":66,"column":16},"end":{"line":66,"column":28}},"31":{"start":{"line":67,"column":1},"end":{"line":69,"column":2}},"32":{"start":{"line":68,"column":2},"end":{"line":68,"column":48}},"33":{"start":{"line":71,"column":1},"end":{"line":73,"column":53}},"34":{"start":{"line":72,"column":31},"end":{"line":72,"column":67}},"35":{"start":{"line":73,"column":26},"end":{"line":73,"column":50}}},"fnMap":{"0":{"name":"_interopRequireDefault","decl":{"start":{"line":1,"column":127},"end":{"line":1,"column":149}},"loc":{"start":{"line":1,"column":155},"end":{"line":1,"column":211}},"line":1},"1":{"name":"getReducerPath","decl":{"start":{"line":6,"column":9},"end":{"line":6,"column":23}},"loc":{"start":{"line":6,"column":38},"end":{"line":8,"column":1}},"line":6},"2":{"name":"generateReducerRequireString","decl":{"start":{"line":10,"column":9},"end":{"line":10,"column":37}},"loc":{"start":{"line":10,"column":52},"end":{"line":12,"column":1}},"line":10},"3":{"name":"generateExtensionsModuleString","decl":{"start":{"line":14,"column":9},"end":{"line":14,"column":39}},"loc":{"start":{"line":14,"column":57},"end":{"line":22,"column":1}},"line":14},"4":{"name":"getReducersSync","decl":{"start":{"line":24,"column":9},"end":{"line":24,"column":24}},"loc":{"start":{"line":24,"column":27},"end":{"line":28,"column":1}},"line":24},"5":{"name":"(anonymous_5)","decl":{"start":{"line":26,"column":8},"end":{"line":26,"column":9}},"loc":{"start":{"line":26,"column":32},"end":{"line":26,"column":85}},"line":26},"6":{"name":"getExtensionsModuleSync","decl":{"start":{"line":30,"column":9},"end":{"line":30,"column":32}},"loc":{"start":{"line":30,"column":48},"end":{"line":32,"column":1}},"line":30},"7":{"name":"pathExists","decl":{"start":{"line":34,"column":9},"end":{"line":34,"column":19}},"loc":{"start":{"line":34,"column":30},"end":{"line":38,"column":1}},"line":34},"8":{"name":"(anonymous_8)","decl":{"start":{"line":35,"column":30},"end":{"line":35,"column":31}},"loc":{"start":{"line":35,"column":49},"end":{"line":37,"column":2}},"line":35},"9":{"name":"(anonymous_9)","decl":{"start":{"line":36,"column":41},"end":{"line":36,"column":42}},"loc":{"start":{"line":36,"column":56},"end":{"line":36,"column":79}},"line":36},"10":{"name":"getReducersAsync","decl":{"start":{"line":40,"column":9},"end":{"line":40,"column":25}},"loc":{"start":{"line":40,"column":28},"end":{"line":49,"column":1}},"line":40},"11":{"name":"(anonymous_11)","decl":{"start":{"line":42,"column":19},"end":{"line":42,"column":20}},"loc":{"start":{"line":42,"column":43},"end":{"line":44,"column":62}},"line":42},"12":{"name":"(anonymous_12)","decl":{"start":{"line":44,"column":8},"end":{"line":44,"column":9}},"loc":{"start":{"line":44,"column":26},"end":{"line":44,"column":58}},"line":44},"13":{"name":"(anonymous_13)","decl":{"start":{"line":47,"column":30},"end":{"line":47,"column":31}},"loc":{"start":{"line":47,"column":46},"end":{"line":48,"column":44}},"line":47},"14":{"name":"getExtensionsModuleAsync","decl":{"start":{"line":51,"column":9},"end":{"line":51,"column":33}},"loc":{"start":{"line":51,"column":49},"end":{"line":54,"column":1}},"line":51},"15":{"name":"(anonymous_15)","decl":{"start":{"line":56,"column":17},"end":{"line":56,"column":18}},"loc":{"start":{"line":56,"column":36},"end":{"line":74,"column":1}},"line":56},"16":{"name":"(anonymous_16)","decl":{"start":{"line":72,"column":6},"end":{"line":72,"column":7}},"loc":{"start":{"line":72,"column":30},"end":{"line":72,"column":68}},"line":72},"17":{"name":"(anonymous_17)","decl":{"start":{"line":73,"column":7},"end":{"line":73,"column":8}},"loc":{"start":{"line":73,"column":25},"end":{"line":73,"column":51}},"line":73}},"branchMap":{"0":{"loc":{"start":{"line":1,"column":163},"end":{"line":1,"column":209}},"type":"cond-expr","locations":[{"start":{"line":1,"column":187},"end":{"line":1,"column":190}},{"start":{"line":1,"column":193},"end":{"line":1,"column":209}}],"line":1},"1":{"loc":{"start":{"line":1,"column":163},"end":{"line":1,"column":184}},"type":"binary-expr","locations":[{"start":{"line":1,"column":163},"end":{"line":1,"column":166}},{"start":{"line":1,"column":170},"end":{"line":1,"column":184}}],"line":1},"2":{"loc":{"start":{"line":24,"column":48},"end":{"line":24,"column":118}},"type":"cond-expr","locations":[{"start":{"line":24,"column":101},"end":{"line":24,"column":113}},{"start":{"line":24,"column":116},"end":{"line":24,"column":118}}],"line":24},"3":{"loc":{"start":{"line":24,"column":48},"end":{"line":24,"column":98}},"type":"binary-expr","locations":[{"start":{"line":24,"column":48},"end":{"line":24,"column":68}},{"start":{"line":24,"column":72},"end":{"line":24,"column":98}}],"line":24},"4":{"loc":{"start":{"line":40,"column":49},"end":{"line":40,"column":119}},"type":"cond-expr","locations":[{"start":{"line":40,"column":102},"end":{"line":40,"column":114}},{"start":{"line":40,"column":117},"end":{"line":40,"column":119}}],"line":40},"5":{"loc":{"start":{"line":40,"column":49},"end":{"line":40,"column":99}},"type":"binary-expr","locations":[{"start":{"line":40,"column":49},"end":{"line":40,"column":69}},{"start":{"line":40,"column":73},"end":{"line":40,"column":99}}],"line":40},"6":{"loc":{"start":{"line":44,"column":34},"end":{"line":44,"column":56}},"type":"binary-expr","locations":[{"start":{"line":44,"column":34},"end":{"line":44,"column":40}},{"start":{"line":44,"column":44},"end":{"line":44,"column":56}}],"line":44},"7":{"loc":{"start":{"line":57,"column":1},"end":{"line":57,"column":35}},"type":"binary-expr","locations":[{"start":{"line":57,"column":1},"end":{"line":57,"column":15}},{"start":{"line":57,"column":19},"end":{"line":57,"column":35}}],"line":57},"8":{"loc":{"start":{"line":61,"column":1},"end":{"line":64,"column":2}},"type":"if","locations":[{"start":{"line":61,"column":1},"end":{"line":64,"column":2}},{"start":{"line":61,"column":1},"end":{"line":64,"column":2}}],"line":61},"9":{"loc":{"start":{"line":67,"column":1},"end":{"line":69,"column":2}},"type":"if","locations":[{"start":{"line":67,"column":1},"end":{"line":69,"column":2}},{"start":{"line":67,"column":1},"end":{"line":69,"column":2}}],"line":67}},"s":{"0":0,"1":0,"2":0,"3":0,"4":0,"5":0,"6":0,"7":0,"8":0,"9":0,"10":0,"11":0,"12":0,"13":0,"14":0,"15":0,"16":0,"17":0,"18":0,"19":0,"20":0,"21":0,"22":0,"23":0,"24":0,"25":0,"26":0,"27":0,"28":0,"29":0,"30":0,"31":0,"32":0,"33":0,"34":0,"35":0},"f":{"0":0,"1":0,"2":0,"3":0,"4":0,"5":0,"6":0,"7":0,"8":0,"9":0,"10":0,"11":0,"12":0,"13":0,"14":0,"15":0,"16":0,"17":0},"b":{"0":[0,0],"1":[0,0],"2":[0,0],"3":[0,0],"4":[0,0],"5":[0,0],"6":[0,0],"7":[0,0],"8":[0,0],"9":[0,0]}}
,"/Users/gziolo/PhpstormProjects/wp-calypso/server/bundler/hot-reloader.js": {"path":"/Users/gziolo/PhpstormProjects/wp-calypso/server/bundler/hot-reloader.js","statementMap":{"0":{"start":{"line":6,"column":15},"end":{"line":6,"column":35}},"1":{"start":{"line":7,"column":12},"end":{"line":7,"column":60}},"2":{"start":{"line":8,"column":21},"end":{"line":8,"column":48}},"3":{"start":{"line":10,"column":9},"end":{"line":10,"column":13}},"4":{"start":{"line":11,"column":9},"end":{"line":11,"column":13}},"5":{"start":{"line":15,"column":1},"end":{"line":17,"column":2}},"6":{"start":{"line":16,"column":2},"end":{"line":16,"column":21}},"7":{"start":{"line":22,"column":2},"end":{"line":22,"column":24}},"8":{"start":{"line":25,"column":1},"end":{"line":27,"column":2}},"9":{"start":{"line":26,"column":2},"end":{"line":26,"column":33}},"10":{"start":{"line":29,"column":1},"end":{"line":29,"column":33}},"11":{"start":{"line":31,"column":1},"end":{"line":37,"column":2}},"12":{"start":{"line":32,"column":2},"end":{"line":32,"column":38}},"13":{"start":{"line":33,"column":8},"end":{"line":37,"column":2}},"14":{"start":{"line":34,"column":2},"end":{"line":34,"column":42}},"15":{"start":{"line":36,"column":2},"end":{"line":36,"column":20}},"16":{"start":{"line":40,"column":0},"end":{"line":76,"column":5}},"17":{"start":{"line":43,"column":2},"end":{"line":43,"column":51}},"18":{"start":{"line":44,"column":2},"end":{"line":50,"column":5}},"19":{"start":{"line":45,"column":3},"end":{"line":45,"column":22}},"20":{"start":{"line":46,"column":3},"end":{"line":48,"column":4}},"21":{"start":{"line":47,"column":4},"end":{"line":47,"column":11}},"22":{"start":{"line":49,"column":3},"end":{"line":49,"column":44}},"23":{"start":{"line":52,"column":2},"end":{"line":52,"column":51}},"24":{"start":{"line":53,"column":2},"end":{"line":53,"column":51}},"25":{"start":{"line":54,"column":2},"end":{"line":60,"column":5}},"26":{"start":{"line":55,"column":3},"end":{"line":57,"column":4}},"27":{"start":{"line":56,"column":4},"end":{"line":56,"column":11}},"28":{"start":{"line":58,"column":3},"end":{"line":58,"column":41}},"29":{"start":{"line":59,"column":3},"end":{"line":59,"column":18}},"30":{"start":{"line":64,"column":2},"end":{"line":66,"column":5}},"31":{"start":{"line":65,"column":3},"end":{"line":65,"column":43}},"32":{"start":{"line":68,"column":2},"end":{"line":68,"column":21}},"33":{"start":{"line":72,"column":2},"end":{"line":75,"column":3}},"34":{"start":{"line":73,"column":3},"end":{"line":73,"column":14}},"35":{"start":{"line":74,"column":3},"end":{"line":74,"column":13}},"36":{"start":{"line":80,"column":0},"end":{"line":80,"column":29}}},"fnMap":{"0":{"name":"invalidPlugin","decl":{"start":{"line":14,"column":9},"end":{"line":14,"column":22}},"loc":{"start":{"line":14,"column":25},"end":{"line":18,"column":1}},"line":14},"1":{"name":"sendStats","decl":{"start":{"line":20,"column":9},"end":{"line":20,"column":18}},"loc":{"start":{"line":20,"column":41},"end":{"line":38,"column":1}},"line":20},"2":{"name":"emitted","decl":{"start":{"line":21,"column":10},"end":{"line":21,"column":17}},"loc":{"start":{"line":21,"column":25},"end":{"line":23,"column":2}},"line":21},"3":{"name":"listen","decl":{"start":{"line":42,"column":18},"end":{"line":42,"column":24}},"loc":{"start":{"line":42,"column":50},"end":{"line":69,"column":2}},"line":42},"4":{"name":"(anonymous_4)","decl":{"start":{"line":44,"column":30},"end":{"line":44,"column":31}},"loc":{"start":{"line":44,"column":48},"end":{"line":50,"column":3}},"line":44},"5":{"name":"(anonymous_5)","decl":{"start":{"line":54,"column":33},"end":{"line":54,"column":34}},"loc":{"start":{"line":54,"column":50},"end":{"line":60,"column":3}},"line":54},"6":{"name":"(anonymous_6)","decl":{"start":{"line":64,"column":44},"end":{"line":64,"column":45}},"loc":{"start":{"line":64,"column":56},"end":{"line":66,"column":3}},"line":64},"7":{"name":"close","decl":{"start":{"line":71,"column":17},"end":{"line":71,"column":22}},"loc":{"start":{"line":71,"column":25},"end":{"line":76,"column":2}},"line":71}},"branchMap":{"0":{"loc":{"start":{"line":15,"column":1},"end":{"line":17,"column":2}},"type":"if","locations":[{"start":{"line":15,"column":1},"end":{"line":17,"column":2}},{"start":{"line":15,"column":1},"end":{"line":17,"column":2}}],"line":15},"1":{"loc":{"start":{"line":25,"column":1},"end":{"line":27,"column":2}},"type":"if","locations":[{"start":{"line":25,"column":1},"end":{"line":27,"column":2}},{"start":{"line":25,"column":1},"end":{"line":27,"column":2}}],"line":25},"2":{"loc":{"start":{"line":25,"column":5},"end":{"line":25,"column":67}},"type":"binary-expr","locations":[{"start":{"line":25,"column":5},"end":{"line":25,"column":11}},{"start":{"line":25,"column":15},"end":{"line":25,"column":20}},{"start":{"line":25,"column":24},"end":{"line":25,"column":36}},{"start":{"line":25,"column":40},"end":{"line":25,"column":67}}],"line":25},"3":{"loc":{"start":{"line":31,"column":1},"end":{"line":37,"column":2}},"type":"if","locations":[{"start":{"line":31,"column":1},"end":{"line":37,"column":2}},{"start":{"line":31,"column":1},"end":{"line":37,"column":2}}],"line":31},"4":{"loc":{"start":{"line":33,"column":8},"end":{"line":37,"column":2}},"type":"if","locations":[{"start":{"line":33,"column":8},"end":{"line":37,"column":2}},{"start":{"line":33,"column":8},"end":{"line":37,"column":2}}],"line":33},"5":{"loc":{"start":{"line":46,"column":3},"end":{"line":48,"column":4}},"type":"if","locations":[{"start":{"line":46,"column":3},"end":{"line":48,"column":4}},{"start":{"line":46,"column":3},"end":{"line":48,"column":4}}],"line":46},"6":{"loc":{"start":{"line":55,"column":3},"end":{"line":57,"column":4}},"type":"if","locations":[{"start":{"line":55,"column":3},"end":{"line":57,"column":4}},{"start":{"line":55,"column":3},"end":{"line":57,"column":4}}],"line":55},"7":{"loc":{"start":{"line":72,"column":2},"end":{"line":75,"column":3}},"type":"if","locations":[{"start":{"line":72,"column":2},"end":{"line":75,"column":3}},{"start":{"line":72,"column":2},"end":{"line":75,"column":3}}],"line":72}},"s":{"0":0,"1":0,"2":0,"3":0,"4":0,"5":0,"6":0,"7":0,"8":0,"9":0,"10":0,"11":0,"12":0,"13":0,"14":0,"15":0,"16":0,"17":0,"18":0,"19":0,"20":0,"21":0,"22":0,"23":0,"24":0,"25":0,"26":0,"27":0,"28":0,"29":0,"30":0,"31":0,"32":0,"33":0,"34":0,"35":0,"36":0},"f":{"0":0,"1":0,"2":0,"3":0,"4":0,"5":0,"6":0,"7":0},"b":{"0":[0,0],"1":[0,0],"2":[0,0,0,0],"3":[0,0],"4":[0,0],"5":[0,0],"6":[0,0],"7":[0,0]}}
,"/Users/gziolo/PhpstormProjects/wp-calypso/server/bundler/index.js": {"path":"/Users/gziolo/PhpstormProjects/wp-calypso/server/bundler/index.js","statementMap":{"0":{"start":{"line":4,"column":24},"end":{"line":4,"column":57}},"1":{"start":{"line":5,"column":10},"end":{"line":5,"column":28}},"2":{"start":{"line":6,"column":8},"end":{"line":6,"column":24}},"3":{"start":{"line":8,"column":12},"end":{"line":8,"column":30}},"4":{"start":{"line":9,"column":16},"end":{"line":9,"column":41}},"5":{"start":{"line":12,"column":16},"end":{"line":12,"column":38}},"6":{"start":{"line":13,"column":13},"end":{"line":13,"column":15}},"7":{"start":{"line":14,"column":9},"end":{"line":14,"column":14}},"8":{"start":{"line":15,"column":22},"end":{"line":15,"column":26}},"9":{"start":{"line":18,"column":1},"end":{"line":18,"column":31}},"10":{"start":{"line":20,"column":1},"end":{"line":44,"column":4}},"11":{"start":{"line":21,"column":2},"end":{"line":21,"column":15}},"12":{"start":{"line":22,"column":2},"end":{"line":22,"column":43}},"13":{"start":{"line":23,"column":2},"end":{"line":23,"column":28}},"14":{"start":{"line":26,"column":2},"end":{"line":28,"column":3}},"15":{"start":{"line":27,"column":3},"end":{"line":27,"column":23}},"16":{"start":{"line":34,"column":2},"end":{"line":43,"column":5}},"17":{"start":{"line":35,"column":3},"end":{"line":42,"column":6}},"18":{"start":{"line":36,"column":4},"end":{"line":41,"column":5}},"19":{"start":{"line":37,"column":5},"end":{"line":37,"column":32}},"20":{"start":{"line":38,"column":5},"end":{"line":38,"column":101}},"21":{"start":{"line":40,"column":5},"end":{"line":40,"column":80}},"22":{"start":{"line":47,"column":2},"end":{"line":49,"column":3}},"23":{"start":{"line":48,"column":3},"end":{"line":48,"column":17}},"24":{"start":{"line":51,"column":2},"end":{"line":51,"column":115}},"25":{"start":{"line":54,"column":2},"end":{"line":68,"column":3}},"26":{"start":{"line":55,"column":3},"end":{"line":55,"column":654}},"27":{"start":{"line":67,"column":3},"end":{"line":67,"column":71}},"28":{"start":{"line":71,"column":1},"end":{"line":71,"column":26}},"29":{"start":{"line":73,"column":1},"end":{"line":87,"column":28}},"30":{"start":{"line":92,"column":0},"end":{"line":92,"column":28}}},"fnMap":{"0":{"name":"middleware","decl":{"start":{"line":11,"column":9},"end":{"line":11,"column":19}},"loc":{"start":{"line":11,"column":25},"end":{"line":90,"column":1}},"line":11},"1":{"name":"(anonymous_1)","decl":{"start":{"line":20,"column":25},"end":{"line":20,"column":26}},"loc":{"start":{"line":20,"column":42},"end":{"line":44,"column":2}},"line":20},"2":{"name":"(anonymous_2)","decl":{"start":{"line":34,"column":19},"end":{"line":34,"column":20}},"loc":{"start":{"line":34,"column":31},"end":{"line":43,"column":3}},"line":34},"3":{"name":"(anonymous_3)","decl":{"start":{"line":35,"column":20},"end":{"line":35,"column":21}},"loc":{"start":{"line":35,"column":32},"end":{"line":42,"column":4}},"line":35},"4":{"name":"waitForCompiler","decl":{"start":{"line":46,"column":10},"end":{"line":46,"column":25}},"loc":{"start":{"line":46,"column":51},"end":{"line":69,"column":2}},"line":46}},"branchMap":{"0":{"loc":{"start":{"line":36,"column":4},"end":{"line":41,"column":5}},"type":"if","locations":[{"start":{"line":36,"column":4},"end":{"line":41,"column":5}},{"start":{"line":36,"column":4},"end":{"line":41,"column":5}}],"line":36},"1":{"loc":{"start":{"line":47,"column":2},"end":{"line":49,"column":3}},"type":"if","locations":[{"start":{"line":47,"column":2},"end":{"line":49,"column":3}},{"start":{"line":47,"column":2},"end":{"line":49,"column":3}}],"line":47},"2":{"loc":{"start":{"line":54,"column":2},"end":{"line":68,"column":3}},"type":"if","locations":[{"start":{"line":54,"column":2},"end":{"line":68,"column":3}},{"start":{"line":54,"column":2},"end":{"line":68,"column":3}}],"line":54}},"s":{"0":0,"1":0,"2":0,"3":0,"4":0,"5":0,"6":0,"7":0,"8":0,"9":0,"10":0,"11":0,"12":0,"13":0,"14":0,"15":0,"16":0,"17":0,"18":0,"19":0,"20":0,"21":0,"22":0,"23":0,"24":0,"25":0,"26":0,"27":0,"28":0,"29":0,"30":0},"f":{"0":0,"1":0,"2":0,"3":0,"4":0},"b":{"0":[0,0],"1":[0,0],"2":[0,0]}}
,"/Users/gziolo/PhpstormProjects/wp-calypso/server/bundler/loader.js": {"path":"/Users/gziolo/PhpstormProjects/wp-calypso/server/bundler/loader.js","statementMap":{"0":{"start":{"line":1,"column":30},"end":{"line":1,"column":77}},"1":{"start":{"line":1,"column":96},"end":{"line":1,"column":130}},"2":{"start":{"line":1,"column":169},"end":{"line":1,"column":223}},"3":{"start":{"line":1,"column":237},"end":{"line":1,"column":254}},"4":{"start":{"line":2,"column":8},"end":{"line":2,"column":26}},"5":{"start":{"line":6,"column":15},"end":{"line":6,"column":17}},"6":{"start":{"line":7,"column":18},"end":{"line":7,"column":20}},"7":{"start":{"line":9,"column":1},"end":{"line":48,"column":2}},"8":{"start":{"line":10,"column":2},"end":{"line":20,"column":13}},"9":{"start":{"line":22,"column":2},"end":{"line":27,"column":5}},"10":{"start":{"line":23,"column":3},"end":{"line":23,"column":45}},"11":{"start":{"line":24,"column":3},"end":{"line":26,"column":6}},"12":{"start":{"line":25,"column":4},"end":{"line":25,"column":51}},"13":{"start":{"line":29,"column":2},"end":{"line":47,"column":13}},"14":{"start":{"line":50,"column":1},"end":{"line":54,"column":12}},"15":{"start":{"line":56,"column":1},"end":{"line":56,"column":40}},"16":{"start":{"line":58,"column":1},"end":{"line":68,"column":12}},"17":{"start":{"line":72,"column":15},"end":{"line":72,"column":17}},"18":{"start":{"line":74,"column":1},"end":{"line":76,"column":4}},"19":{"start":{"line":75,"column":2},"end":{"line":75,"column":38}},"20":{"start":{"line":78,"column":1},"end":{"line":78,"column":16}},"21":{"start":{"line":82,"column":17},"end":{"line":82,"column":35}},"22":{"start":{"line":85,"column":1},"end":{"line":116,"column":11}},"23":{"start":{"line":119,"column":1},"end":{"line":119,"column":26}},"24":{"start":{"line":123,"column":1},"end":{"line":125,"column":2}},"25":{"start":{"line":124,"column":2},"end":{"line":124,"column":46}},"26":{"start":{"line":126,"column":13},"end":{"line":126,"column":43}},"27":{"start":{"line":127,"column":1},"end":{"line":127,"column":50}},"28":{"start":{"line":134,"column":1},"end":{"line":148,"column":8}},"29":{"start":{"line":135,"column":2},"end":{"line":135,"column":33}},"30":{"start":{"line":137,"column":2},"end":{"line":146,"column":13}},"31":{"start":{"line":150,"column":1},"end":{"line":150,"column":26}},"32":{"start":{"line":154,"column":14},"end":{"line":157,"column":13}},"33":{"start":{"line":160,"column":1},"end":{"line":160,"column":26}},"34":{"start":{"line":163,"column":0},"end":{"line":178,"column":2}},"35":{"start":{"line":166,"column":1},"end":{"line":166,"column":36}},"36":{"start":{"line":168,"column":1},"end":{"line":168,"column":39}},"37":{"start":{"line":170,"column":1},"end":{"line":173,"column":2}},"38":{"start":{"line":171,"column":2},"end":{"line":171,"column":50}},"39":{"start":{"line":172,"column":2},"end":{"line":172,"column":17}},"40":{"start":{"line":175,"column":1},"end":{"line":175,"column":28}},"41":{"start":{"line":177,"column":1},"end":{"line":177,"column":36}}},"fnMap":{"0":{"name":"_interopRequireDefault","decl":{"start":{"line":1,"column":140},"end":{"line":1,"column":162}},"loc":{"start":{"line":1,"column":168},"end":{"line":1,"column":224}},"line":1},"1":{"name":"getSectionsModule","decl":{"start":{"line":4,"column":9},"end":{"line":4,"column":26}},"loc":{"start":{"line":4,"column":37},"end":{"line":69,"column":1}},"line":4},"2":{"name":"(anonymous_2)","decl":{"start":{"line":22,"column":19},"end":{"line":22,"column":20}},"loc":{"start":{"line":22,"column":38},"end":{"line":27,"column":3}},"line":22},"3":{"name":"(anonymous_3)","decl":{"start":{"line":24,"column":25},"end":{"line":24,"column":26}},"loc":{"start":{"line":24,"column":41},"end":{"line":26,"column":4}},"line":24},"4":{"name":"getRequires","decl":{"start":{"line":71,"column":9},"end":{"line":71,"column":20}},"loc":{"start":{"line":71,"column":31},"end":{"line":79,"column":1}},"line":71},"5":{"name":"(anonymous_5)","decl":{"start":{"line":74,"column":18},"end":{"line":74,"column":19}},"loc":{"start":{"line":74,"column":37},"end":{"line":76,"column":2}},"line":74},"6":{"name":"splitTemplate","decl":{"start":{"line":81,"column":9},"end":{"line":81,"column":22}},"loc":{"start":{"line":81,"column":38},"end":{"line":120,"column":1}},"line":81},"7":{"name":"getPathRegex","decl":{"start":{"line":122,"column":9},"end":{"line":122,"column":21}},"loc":{"start":{"line":122,"column":34},"end":{"line":128,"column":1}},"line":122},"8":{"name":"requireTemplate","decl":{"start":{"line":130,"column":9},"end":{"line":130,"column":24}},"loc":{"start":{"line":130,"column":34},"end":{"line":151,"column":1}},"line":130},"9":{"name":"(anonymous_9)","decl":{"start":{"line":134,"column":31},"end":{"line":134,"column":32}},"loc":{"start":{"line":134,"column":52},"end":{"line":148,"column":2}},"line":134},"10":{"name":"singleEnsure","decl":{"start":{"line":153,"column":9},"end":{"line":153,"column":21}},"loc":{"start":{"line":153,"column":33},"end":{"line":161,"column":1}},"line":153},"11":{"name":"(anonymous_11)","decl":{"start":{"line":163,"column":17},"end":{"line":163,"column":18}},"loc":{"start":{"line":163,"column":36},"end":{"line":178,"column":1}},"line":163}},"branchMap":{"0":{"loc":{"start":{"line":1,"column":176},"end":{"line":1,"column":222}},"type":"cond-expr","locations":[{"start":{"line":1,"column":200},"end":{"line":1,"column":203}},{"start":{"line":1,"column":206},"end":{"line":1,"column":222}}],"line":1},"1":{"loc":{"start":{"line":1,"column":176},"end":{"line":1,"column":197}},"type":"binary-expr","locations":[{"start":{"line":1,"column":176},"end":{"line":1,"column":179}},{"start":{"line":1,"column":183},"end":{"line":1,"column":197}}],"line":1},"2":{"loc":{"start":{"line":9,"column":1},"end":{"line":48,"column":2}},"type":"if","locations":[{"start":{"line":9,"column":1},"end":{"line":48,"column":2}},{"start":{"line":9,"column":1},"end":{"line":48,"column":2}}],"line":9},"3":{"loc":{"start":{"line":123,"column":1},"end":{"line":125,"column":2}},"type":"if","locations":[{"start":{"line":123,"column":1},"end":{"line":125,"column":2}},{"start":{"line":123,"column":1},"end":{"line":125,"column":2}}],"line":123},"4":{"loc":{"start":{"line":166,"column":1},"end":{"line":166,"column":35}},"type":"binary-expr","locations":[{"start":{"line":166,"column":1},"end":{"line":166,"column":15}},{"start":{"line":166,"column":19},"end":{"line":166,"column":35}}],"line":166},"5":{"loc":{"start":{"line":170,"column":1},"end":{"line":173,"column":2}},"type":"if","locations":[{"start":{"line":170,"column":1},"end":{"line":173,"column":2}},{"start":{"line":170,"column":1},"end":{"line":173,"column":2}}],"line":170}},"s":{"0":0,"1":0,"2":0,"3":0,"4":0,"5":0,"6":0,"7":0,"8":0,"9":0,"10":0,"11":0,"12":0,"13":0,"14":0,"15":0,"16":0,"17":0,"18":0,"19":0,"20":0,"21":0,"22":0,"23":0,"24":0,"25":0,"26":0,"27":0,"28":0,"29":0,"30":0,"31":0,"32":0,"33":0,"34":0,"35":0,"36":0,"37":0,"38":0,"39":0,"40":0,"41":0},"f":{"0":0,"1":0,"2":0,"3":0,"4":0,"5":0,"6":0,"7":0,"8":0,"9":0,"10":0,"11":0},"b":{"0":[0,0],"1":[0,0],"2":[0,0],"3":[0,0],"4":[0,0],"5":[0,0]}}
,"/Users/gziolo/PhpstormProjects/wp-calypso/server/bundler/plugin.js": {"path":"/Users/gziolo/PhpstormProjects/wp-calypso/server/bundler/plugin.js","statementMap":{"0":{"start":{"line":1,"column":30},"end":{"line":1,"column":77}},"1":{"start":{"line":1,"column":96},"end":{"line":1,"column":130}},"2":{"start":{"line":1,"column":169},"end":{"line":1,"column":223}},"3":{"start":{"line":4,"column":0},"end":{"line":44,"column":2}},"4":{"start":{"line":5,"column":1},"end":{"line":43,"column":4}},"5":{"start":{"line":6,"column":2},"end":{"line":42,"column":5}},"6":{"start":{"line":7,"column":19},"end":{"line":7,"column":39}},"7":{"start":{"line":8,"column":3},"end":{"line":39,"column":9}},"8":{"start":{"line":46,"column":0},"end":{"line":46,"column":32}}},"fnMap":{"0":{"name":"_interopRequireDefault","decl":{"start":{"line":1,"column":140},"end":{"line":1,"column":162}},"loc":{"start":{"line":1,"column":168},"end":{"line":1,"column":224}},"line":1},"1":{"name":"ChunkFileNames","decl":{"start":{"line":1,"column":233},"end":{"line":1,"column":247}},"loc":{"start":{"line":1,"column":250},"end":{"line":2,"column":1}},"line":1},"2":{"name":"(anonymous_2)","decl":{"start":{"line":4,"column":33},"end":{"line":4,"column":34}},"loc":{"start":{"line":4,"column":53},"end":{"line":44,"column":1}},"line":4},"3":{"name":"(anonymous_3)","decl":{"start":{"line":5,"column":32},"end":{"line":5,"column":33}},"loc":{"start":{"line":5,"column":55},"end":{"line":43,"column":2}},"line":5},"4":{"name":"(anonymous_4)","decl":{"start":{"line":6,"column":52},"end":{"line":6,"column":53}},"loc":{"start":{"line":6,"column":72},"end":{"line":42,"column":3}},"line":6}},"branchMap":{"0":{"loc":{"start":{"line":1,"column":176},"end":{"line":1,"column":222}},"type":"cond-expr","locations":[{"start":{"line":1,"column":200},"end":{"line":1,"column":203}},{"start":{"line":1,"column":206},"end":{"line":1,"column":222}}],"line":1},"1":{"loc":{"start":{"line":1,"column":176},"end":{"line":1,"column":197}},"type":"binary-expr","locations":[{"start":{"line":1,"column":176},"end":{"line":1,"column":179}},{"start":{"line":1,"column":183},"end":{"line":1,"column":197}}],"line":1}},"s":{"0":0,"1":0,"2":0,"3":0,"4":0,"5":0,"6":0,"7":0,"8":0},"f":{"0":0,"1":0,"2":0,"3":0,"4":0},"b":{"0":[0,0],"1":[0,0]}}
,"/Users/gziolo/PhpstormProjects/wp-calypso/server/bundler/utils.js": {"path":"/Users/gziolo/PhpstormProjects/wp-calypso/server/bundler/utils.js","statementMap":{"0":{"start":{"line":2,"column":14},"end":{"line":2,"column":26}},"1":{"start":{"line":4,"column":1},"end":{"line":13,"column":4}},"2":{"start":{"line":5,"column":17},"end":{"line":5,"column":31}},"3":{"start":{"line":6,"column":2},"end":{"line":11,"column":22}},"4":{"start":{"line":20,"column":1},"end":{"line":22,"column":2}},"5":{"start":{"line":21,"column":2},"end":{"line":21,"column":14}},"6":{"start":{"line":23,"column":1},"end":{"line":23,"column":43}},"7":{"start":{"line":26,"column":0},"end":{"line":28,"column":30}}},"fnMap":{"0":{"name":"getAssets","decl":{"start":{"line":1,"column":22},"end":{"line":1,"column":31}},"loc":{"start":{"line":1,"column":39},"end":{"line":14,"column":1}},"line":1},"1":{"name":"(anonymous_1)","decl":{"start":{"line":4,"column":19},"end":{"line":4,"column":20}},"loc":{"start":{"line":4,"column":36},"end":{"line":13,"column":2}},"line":4},"2":{"name":"pathToRegExp","decl":{"start":{"line":18,"column":9},"end":{"line":18,"column":21}},"loc":{"start":{"line":18,"column":28},"end":{"line":24,"column":1}},"line":18}},"branchMap":{"0":{"loc":{"start":{"line":20,"column":1},"end":{"line":22,"column":2}},"type":"if","locations":[{"start":{"line":20,"column":1},"end":{"line":22,"column":2}},{"start":{"line":20,"column":1},"end":{"line":22,"column":2}}],"line":20}},"s":{"0":0,"1":0,"2":0,"3":0,"4":0,"5":0,"6":0,"7":0},"f":{"0":0,"1":0,"2":0},"b":{"0":[0,0]}}
,"/Users/gziolo/PhpstormProjects/wp-calypso/server/bundler/babel/babel-loader-cache-identifier/index.js": {"path":"/Users/gziolo/PhpstormProjects/wp-calypso/server/bundler/babel/babel-loader-cache-identifier/index.js","statementMap":{"0":{"start":{"line":1,"column":30},"end":{"line":1,"column":77}},"1":{"start":{"line":1,"column":96},"end":{"line":1,"column":130}},"2":{"start":{"line":1,"column":169},"end":{"line":1,"column":223}},"3":{"start":{"line":4,"column":9},"end":{"line":4,"column":22}},"4":{"start":{"line":5,"column":11},"end":{"line":5,"column":26}},"5":{"start":{"line":14,"column":2},"end":{"line":14,"column":73}},"6":{"start":{"line":25,"column":0},"end":{"line":30,"column":56}}},"fnMap":{"0":{"name":"_interopRequireDefault","decl":{"start":{"line":1,"column":140},"end":{"line":1,"column":162}},"loc":{"start":{"line":1,"column":168},"end":{"line":1,"column":224}},"line":1},"1":{"name":"getModuleVersion","decl":{"start":{"line":13,"column":9},"end":{"line":13,"column":25}},"loc":{"start":{"line":13,"column":30},"end":{"line":15,"column":1}},"line":13}},"branchMap":{"0":{"loc":{"start":{"line":1,"column":176},"end":{"line":1,"column":222}},"type":"cond-expr","locations":[{"start":{"line":1,"column":200},"end":{"line":1,"column":203}},{"start":{"line":1,"column":206},"end":{"line":1,"column":222}}],"line":1},"1":{"loc":{"start":{"line":1,"column":176},"end":{"line":1,"column":197}},"type":"binary-expr","locations":[{"start":{"line":1,"column":176},"end":{"line":1,"column":179}},{"start":{"line":1,"column":183},"end":{"line":1,"column":197}}],"line":1},"2":{"loc":{"start":{"line":30,"column":7},"end":{"line":30,"column":52}},"type":"binary-expr","locations":[{"start":{"line":30,"column":7},"end":{"line":30,"column":28}},{"start":{"line":30,"column":32},"end":{"line":30,"column":52}}],"line":30}},"s":{"0":0,"1":0,"2":0,"3":0,"4":0,"5":0,"6":0},"f":{"0":0,"1":0},"b":{"0":[0,0],"1":[0,0],"2":[0,0]}}
,"/Users/gziolo/PhpstormProjects/wp-calypso/server/bundler/babel/babel-plugin-transform-wpcalypso-async/index.js": {"path":"/Users/gziolo/PhpstormProjects/wp-calypso/server/bundler/babel/babel-plugin-transform-wpcalypso-async/index.js","statementMap":{"0":{"start":{"line":4,"column":18},"end":{"line":4,"column":47}},"1":{"start":{"line":6,"column":0},"end":{"line":115,"column":2}},"2":{"start":{"line":14,"column":31},"end":{"line":20,"column":2}},"3":{"start":{"line":18,"column":3},"end":{"line":18,"column":28}},"4":{"start":{"line":22,"column":1},"end":{"line":114,"column":3}},"5":{"start":{"line":29,"column":19},"end":{"line":29,"column":41}},"6":{"start":{"line":30,"column":4},"end":{"line":32,"column":5}},"7":{"start":{"line":31,"column":5},"end":{"line":31,"column":12}},"8":{"start":{"line":34,"column":17},"end":{"line":34,"column":31}},"9":{"start":{"line":35,"column":4},"end":{"line":37,"column":5}},"10":{"start":{"line":36,"column":5},"end":{"line":36,"column":12}},"11":{"start":{"line":39,"column":18},"end":{"line":39,"column":33}},"12":{"start":{"line":40,"column":4},"end":{"line":42,"column":5}},"13":{"start":{"line":41,"column":5},"end":{"line":41,"column":12}},"14":{"start":{"line":47,"column":4},"end":{"line":54,"column":10}},"15":{"start":{"line":57,"column":4},"end":{"line":57,"column":66}},"16":{"start":{"line":60,"column":4},"end":{"line":62,"column":5}},"17":{"start":{"line":61,"column":5},"end":{"line":61,"column":12}},"18":{"start":{"line":64,"column":21},"end":{"line":64,"column":45}},"19":{"start":{"line":65,"column":4},"end":{"line":67,"column":5}},"20":{"start":{"line":66,"column":5},"end":{"line":66,"column":26}},"21":{"start":{"line":70,"column":20},"end":{"line":70,"column":36}},"22":{"start":{"line":75,"column":22},"end":{"line":85,"column":5}},"23":{"start":{"line":89,"column":21},"end":{"line":89,"column":45}},"24":{"start":{"line":90,"column":4},"end":{"line":92,"column":5}},"25":{"start":{"line":91,"column":5},"end":{"line":91,"column":65}},"26":{"start":{"line":94,"column":4},"end":{"line":111,"column":5}},"27":{"start":{"line":96,"column":23},"end":{"line":96,"column":66}},"28":{"start":{"line":99,"column":5},"end":{"line":107,"column":7}},"29":{"start":{"line":110,"column":5},"end":{"line":110,"column":37}}},"fnMap":{"0":{"name":"(anonymous_0)","decl":{"start":{"line":6,"column":17},"end":{"line":6,"column":18}},"loc":{"start":{"line":6,"column":37},"end":{"line":115,"column":1}},"line":6}},"branchMap":{"0":{"loc":{"start":{"line":30,"column":4},"end":{"line":32,"column":5}},"type":"if","locations":[{"start":{"line":30,"column":4},"end":{"line":32,"column":5}},{"start":{"line":30,"column":4},"end":{"line":32,"column":5}}],"line":30},"1":{"loc":{"start":{"line":35,"column":4},"end":{"line":37,"column":5}},"type":"if","locations":[{"start":{"line":35,"column":4},"end":{"line":37,"column":5}},{"start":{"line":35,"column":4},"end":{"line":37,"column":5}}],"line":35},"2":{"loc":{"start":{"line":35,"column":9},"end":{"line":35,"column":65}},"type":"binary-expr","locations":[{"start":{"line":35,"column":9},"end":{"line":35,"column":38}},{"start":{"line":35,"column":42},"end":{"line":35,"column":65}}],"line":35},"3":{"loc":{"start":{"line":40,"column":4},"end":{"line":42,"column":5}},"type":"if","locations":[{"start":{"line":40,"column":4},"end":{"line":42,"column":5}},{"start":{"line":40,"column":4},"end":{"line":42,"column":5}}],"line":40},"4":{"loc":{"start":{"line":60,"column":4},"end":{"line":62,"column":5}},"type":"if","locations":[{"start":{"line":60,"column":4},"end":{"line":62,"column":5}},{"start":{"line":60,"column":4},"end":{"line":62,"column":5}}],"line":60},"5":{"loc":{"start":{"line":65,"column":4},"end":{"line":67,"column":5}},"type":"if","locations":[{"start":{"line":65,"column":4},"end":{"line":67,"column":5}},{"start":{"line":65,"column":4},"end":{"line":67,"column":5}}],"line":65},"6":{"loc":{"start":{"line":65,"column":9},"end":{"line":65,"column":56}},"type":"binary-expr","locations":[{"start":{"line":65,"column":9},"end":{"line":65,"column":19}},{"start":{"line":65,"column":23},"end":{"line":65,"column":56}}],"line":65},"7":{"loc":{"start":{"line":90,"column":4},"end":{"line":92,"column":5}},"type":"if","locations":[{"start":{"line":90,"column":4},"end":{"line":92,"column":5}},{"start":{"line":90,"column":4},"end":{"line":92,"column":5}}],"line":90},"8":{"loc":{"start":{"line":94,"column":4},"end":{"line":111,"column":5}},"type":"if","locations":[{"start":{"line":94,"column":4},"end":{"line":111,"column":5}},{"start":{"line":94,"column":4},"end":{"line":111,"column":5}}],"line":94}},"s":{"0":1,"1":1,"2":1,"3":2,"4":1,"5":7,"6":7,"7":1,"8":6,"9":6,"10":1,"11":5,"12":5,"13":3,"14":2,"15":2,"16":33,"17":26,"18":7,"19":7,"20":1,"21":6,"22":6,"23":6,"24":6,"25":4,"26":6,"27":3,"28":3,"29":3},"f":{"0":1},"b":{"0":[1,6],"1":[1,5],"2":[6,6],"3":[3,2],"4":[26,7],"5":[1,6],"6":[7,6],"7":[4,2],"8":[3,3]},"_coverageSchema":"332fd63041d2c1bcb487cc26dd0d5f7d97098a6c","hash":"0d0d7791ddd3df93afbc4a459f8f9c0e5c4956d8"}
,"/Users/gziolo/PhpstormProjects/wp-calypso/server/bundler/bin/bundler.js": {"path":"/Users/gziolo/PhpstormProjects/wp-calypso/server/bundler/bin/bundler.js","statementMap":{"0":{"start":{"line":2,"column":30},"end":{"line":2,"column":77}},"1":{"start":{"line":2,"column":96},"end":{"line":2,"column":130}},"2":{"start":{"line":2,"column":169},"end":{"line":2,"column":223}},"3":{"start":{"line":7,"column":14},"end":{"line":7,"column":32}},"4":{"start":{"line":8,"column":5},"end":{"line":8,"column":29}},"5":{"start":{"line":9,"column":5},"end":{"line":9,"column":18}},"6":{"start":{"line":10,"column":7},"end":{"line":10,"column":22}},"7":{"start":{"line":11,"column":8},"end":{"line":11,"column":24}},"8":{"start":{"line":12,"column":5},"end":{"line":12,"column":18}},"9":{"start":{"line":17,"column":20},"end":{"line":17,"column":62}},"10":{"start":{"line":18,"column":8},"end":{"line":18,"column":27}},"11":{"start":{"line":19,"column":9},"end":{"line":19,"column":32}},"12":{"start":{"line":24,"column":12},"end":{"line":24,"column":32}},"13":{"start":{"line":27,"column":0},"end":{"line":29,"column":1}},"14":{"start":{"line":28,"column":1},"end":{"line":28,"column":17}},"15":{"start":{"line":31,"column":0},"end":{"line":36,"column":29}},"16":{"start":{"line":40,"column":19},"end":{"line":40,"column":29}},"17":{"start":{"line":45,"column":2},"end":{"line":47,"column":3}},"18":{"start":{"line":46,"column":3},"end":{"line":46,"column":10}},"19":{"start":{"line":49,"column":2},"end":{"line":49,"column":37}},"20":{"start":{"line":51,"column":2},"end":{"line":63,"column":18}},"21":{"start":{"line":67,"column":2},"end":{"line":73,"column":5}},"22":{"start":{"line":68,"column":3},"end":{"line":70,"column":4}},"23":{"start":{"line":69,"column":4},"end":{"line":69,"column":48}},"24":{"start":{"line":72,"column":3},"end":{"line":72,"column":18}},"25":{"start":{"line":77,"column":2},"end":{"line":79,"column":3}},"26":{"start":{"line":78,"column":3},"end":{"line":78,"column":47}},"27":{"start":{"line":80,"column":2},"end":{"line":80,"column":89}},"28":{"start":{"line":81,"column":2},"end":{"line":81,"column":76}},"29":{"start":{"line":85,"column":1},"end":{"line":85,"column":60}},"30":{"start":{"line":88,"column":0},"end":{"line":88,"column":27}},"31":{"start":{"line":91,"column":0},"end":{"line":127,"column":3}},"32":{"start":{"line":94,"column":1},"end":{"line":103,"column":2}},"33":{"start":{"line":95,"column":2},"end":{"line":95,"column":38}},"34":{"start":{"line":96,"column":2},"end":{"line":98,"column":3}},"35":{"start":{"line":97,"column":3},"end":{"line":97,"column":32}},"36":{"start":{"line":99,"column":2},"end":{"line":101,"column":5}},"37":{"start":{"line":100,"column":3},"end":{"line":100,"column":19}},"38":{"start":{"line":102,"column":2},"end":{"line":102,"column":9}},"39":{"start":{"line":105,"column":1},"end":{"line":105,"column":60}},"40":{"start":{"line":106,"column":1},"end":{"line":111,"column":2}},"41":{"start":{"line":107,"column":2},"end":{"line":109,"column":44}},"42":{"start":{"line":113,"column":1},"end":{"line":113,"column":42}},"43":{"start":{"line":115,"column":1},"end":{"line":115,"column":107}},"44":{"start":{"line":117,"column":1},"end":{"line":126,"column":2}},"45":{"start":{"line":119,"column":2},"end":{"line":123,"column":5}},"46":{"start":{"line":120,"column":3},"end":{"line":120,"column":26}},"47":{"start":{"line":122,"column":3},"end":{"line":122,"column":57}},"48":{"start":{"line":125,"column":2},"end":{"line":125,"column":16}}},"fnMap":{"0":{"name":"_interopRequireDefault","decl":{"start":{"line":2,"column":140},"end":{"line":2,"column":162}},"loc":{"start":{"line":2,"column":168},"end":{"line":2,"column":224}},"line":2},"1":{"name":"minify","decl":{"start":{"line":39,"column":9},"end":{"line":39,"column":15}},"loc":{"start":{"line":39,"column":23},"end":{"line":86,"column":1}},"line":39},"2":{"name":"minifyFile","decl":{"start":{"line":42,"column":10},"end":{"line":42,"column":20}},"loc":{"start":{"line":42,"column":37},"end":{"line":74,"column":2}},"line":42},"3":{"name":"(anonymous_3)","decl":{"start":{"line":67,"column":19},"end":{"line":67,"column":20}},"loc":{"start":{"line":67,"column":35},"end":{"line":73,"column":3}},"line":67},"4":{"name":"done","decl":{"start":{"line":76,"column":10},"end":{"line":76,"column":14}},"loc":{"start":{"line":76,"column":20},"end":{"line":82,"column":2}},"line":76},"5":{"name":"(anonymous_5)","decl":{"start":{"line":91,"column":23},"end":{"line":91,"column":24}},"loc":{"start":{"line":91,"column":47},"end":{"line":127,"column":1}},"line":91},"6":{"name":"(anonymous_6)","decl":{"start":{"line":99,"column":21},"end":{"line":99,"column":22}},"loc":{"start":{"line":99,"column":33},"end":{"line":101,"column":3}},"line":99},"7":{"name":"(anonymous_7)","decl":{"start":{"line":119,"column":22},"end":{"line":119,"column":23}},"loc":{"start":{"line":119,"column":38},"end":{"line":121,"column":3}},"line":119},"8":{"name":"(anonymous_8)","decl":{"start":{"line":121,"column":9},"end":{"line":121,"column":10}},"loc":{"start":{"line":121,"column":26},"end":{"line":123,"column":3}},"line":121}},"branchMap":{"0":{"loc":{"start":{"line":2,"column":176},"end":{"line":2,"column":222}},"type":"cond-expr","locations":[{"start":{"line":2,"column":200},"end":{"line":2,"column":203}},{"start":{"line":2,"column":206},"end":{"line":2,"column":222}}],"line":2},"1":{"loc":{"start":{"line":2,"column":176},"end":{"line":2,"column":197}},"type":"binary-expr","locations":[{"start":{"line":2,"column":176},"end":{"line":2,"column":179}},{"start":{"line":2,"column":183},"end":{"line":2,"column":197}}],"line":2},"2":{"loc":{"start":{"line":27,"column":0},"end":{"line":29,"column":1}},"type":"if","locations":[{"start":{"line":27,"column":0},"end":{"line":29,"column":1}},{"start":{"line":27,"column":0},"end":{"line":29,"column":1}}],"line":27},"3":{"loc":{"start":{"line":45,"column":2},"end":{"line":47,"column":3}},"type":"if","locations":[{"start":{"line":45,"column":2},"end":{"line":47,"column":3}},{"start":{"line":45,"column":2},"end":{"line":47,"column":3}}],"line":45},"4":{"loc":{"start":{"line":68,"column":3},"end":{"line":70,"column":4}},"type":"if","locations":[{"start":{"line":68,"column":3},"end":{"line":70,"column":4}},{"start":{"line":68,"column":3},"end":{"line":70,"column":4}}],"line":68},"5":{"loc":{"start":{"line":77,"column":2},"end":{"line":79,"column":3}},"type":"if","locations":[{"start":{"line":77,"column":2},"end":{"line":79,"column":3}},{"start":{"line":77,"column":2},"end":{"line":79,"column":3}}],"line":77},"6":{"loc":{"start":{"line":94,"column":1},"end":{"line":103,"column":2}},"type":"if","locations":[{"start":{"line":94,"column":1},"end":{"line":103,"column":2}},{"start":{"line":94,"column":1},"end":{"line":103,"column":2}}],"line":94},"7":{"loc":{"start":{"line":95,"column":16},"end":{"line":95,"column":36}},"type":"binary-expr","locations":[{"start":{"line":95,"column":16},"end":{"line":95,"column":27}},{"start":{"line":95,"column":31},"end":{"line":95,"column":36}}],"line":95},"8":{"loc":{"start":{"line":96,"column":2},"end":{"line":98,"column":3}},"type":"if","locations":[{"start":{"line":96,"column":2},"end":{"line":98,"column":3}},{"start":{"line":96,"column":2},"end":{"line":98,"column":3}}],"line":96},"9":{"loc":{"start":{"line":106,"column":1},"end":{"line":111,"column":2}},"type":"if","locations":[{"start":{"line":106,"column":1},"end":{"line":111,"column":2}},{"start":{"line":106,"column":1},"end":{"line":111,"column":2}}],"line":106},"10":{"loc":{"start":{"line":117,"column":1},"end":{"line":126,"column":2}},"type":"if","locations":[{"start":{"line":117,"column":1},"end":{"line":126,"column":2}},{"start":{"line":117,"column":1},"end":{"line":126,"column":2}}],"line":117}},"s":{"0":0,"1":0,"2":0,"3":0,"4":0,"5":0,"6":0,"7":0,"8":0,"9":0,"10":0,"11":0,"12":0,"13":0,"14":0,"15":0,"16":0,"17":0,"18":0,"19":0,"20":0,"21":0,"22":0,"23":0,"24":0,"25":0,"26":0,"27":0,"28":0,"29":0,"30":0,"31":0,"32":0,"33":0,"34":0,"35":0,"36":0,"37":0,"38":0,"39":0,"40":0,"41":0,"42":0,"43":0,"44":0,"45":0,"46":0,"47":0,"48":0},"f":{"0":0,"1":0,"2":0,"3":0,"4":0,"5":0,"6":0,"7":0,"8":0},"b":{"0":[0,0],"1":[0,0],"2":[0,0],"3":[0,0],"4":[0,0],"5":[0,0],"6":[0,0],"7":[0,0],"8":[0,0],"9":[0,0],"10":[0,0]}}
,"/Users/gziolo/PhpstormProjects/wp-calypso/server/bundler/webpack/stable-build-plugin.js": {"path":"/Users/gziolo/PhpstormProjects/wp-calypso/server/bundler/webpack/stable-build-plugin.js","statementMap":{"0":{"start":{"line":1,"column":26},"end":{"line":1,"column":43}},"1":{"start":{"line":3,"column":15},"end":{"line":3,"column":17}},"2":{"start":{"line":6,"column":1},"end":{"line":8,"column":2}},"3":{"start":{"line":7,"column":2},"end":{"line":7,"column":86}},"4":{"start":{"line":9,"column":1},"end":{"line":9,"column":26}},"5":{"start":{"line":18,"column":1},"end":{"line":18,"column":20}},"6":{"start":{"line":21,"column":11},"end":{"line":21,"column":45}},"7":{"start":{"line":22,"column":11},"end":{"line":22,"column":49}},"8":{"start":{"line":27,"column":15},"end":{"line":27,"column":37}},"9":{"start":{"line":28,"column":15},"end":{"line":28,"column":41}},"10":{"start":{"line":29,"column":15},"end":{"line":29,"column":39}},"11":{"start":{"line":30,"column":15},"end":{"line":30,"column":39}},"12":{"start":{"line":31,"column":1},"end":{"line":31,"column":60}},"13":{"start":{"line":35,"column":1},"end":{"line":35,"column":35}},"14":{"start":{"line":39,"column":1},"end":{"line":44,"column":7}},"15":{"start":{"line":43,"column":3},"end":{"line":43,"column":38}},"16":{"start":{"line":49,"column":1},"end":{"line":49,"column":93}},"17":{"start":{"line":53,"column":1},"end":{"line":53,"column":30}},"18":{"start":{"line":55,"column":1},"end":{"line":55,"column":45}},"19":{"start":{"line":56,"column":1},"end":{"line":56,"column":39}},"20":{"start":{"line":59,"column":0},"end":{"line":128,"column":2}},"21":{"start":{"line":60,"column":20},"end":{"line":60,"column":22}},"22":{"start":{"line":61,"column":21},"end":{"line":61,"column":23}},"23":{"start":{"line":62,"column":15},"end":{"line":62,"column":39}},"24":{"start":{"line":63,"column":12},"end":{"line":63,"column":42}},"25":{"start":{"line":64,"column":16},"end":{"line":64,"column":44}},"26":{"start":{"line":65,"column":15},"end":{"line":65,"column":19}},"27":{"start":{"line":67,"column":1},"end":{"line":71,"column":2}},"28":{"start":{"line":70,"column":2},"end":{"line":70,"column":40}},"29":{"start":{"line":74,"column":13},"end":{"line":74,"column":27}},"30":{"start":{"line":76,"column":11},"end":{"line":76,"column":41}},"31":{"start":{"line":77,"column":2},"end":{"line":79,"column":3}},"32":{"start":{"line":78,"column":3},"end":{"line":78,"column":41}},"33":{"start":{"line":80,"column":2},"end":{"line":80,"column":12}},"34":{"start":{"line":84,"column":13},"end":{"line":84,"column":28}},"35":{"start":{"line":86,"column":11},"end":{"line":86,"column":41}},"36":{"start":{"line":87,"column":2},"end":{"line":89,"column":3}},"37":{"start":{"line":88,"column":3},"end":{"line":88,"column":42}},"38":{"start":{"line":90,"column":2},"end":{"line":90,"column":12}},"39":{"start":{"line":93,"column":1},"end":{"line":127,"column":4}},"40":{"start":{"line":94,"column":2},"end":{"line":103,"column":5}},"41":{"start":{"line":95,"column":3},"end":{"line":102,"column":6}},"42":{"start":{"line":96,"column":20},"end":{"line":96,"column":30}},"43":{"start":{"line":97,"column":4},"end":{"line":99,"column":5}},"44":{"start":{"line":98,"column":5},"end":{"line":98,"column":12}},"45":{"start":{"line":100,"column":4},"end":{"line":100,"column":37}},"46":{"start":{"line":101,"column":4},"end":{"line":101,"column":39}},"47":{"start":{"line":105,"column":2},"end":{"line":115,"column":5}},"48":{"start":{"line":106,"column":3},"end":{"line":114,"column":6}},"49":{"start":{"line":107,"column":4},"end":{"line":113,"column":5}},"50":{"start":{"line":108,"column":22},"end":{"line":109,"column":25}},"51":{"start":{"line":111,"column":5},"end":{"line":111,"column":41}},"52":{"start":{"line":112,"column":5},"end":{"line":112,"column":43}},"53":{"start":{"line":117,"column":2},"end":{"line":126,"column":5}},"54":{"start":{"line":118,"column":16},"end":{"line":118,"column":95}},"55":{"start":{"line":119,"column":14},"end":{"line":119,"column":65}},"56":{"start":{"line":121,"column":3},"end":{"line":121,"column":34}},"57":{"start":{"line":123,"column":3},"end":{"line":125,"column":5}},"58":{"start":{"line":124,"column":4},"end":{"line":124,"column":49}},"59":{"start":{"line":130,"column":0},"end":{"line":130,"column":42}}},"fnMap":{"0":{"name":"md5","decl":{"start":{"line":5,"column":9},"end":{"line":5,"column":12}},"loc":{"start":{"line":5,"column":22},"end":{"line":10,"column":1}},"line":5},"1":{"name":"hashToId","decl":{"start":{"line":12,"column":9},"end":{"line":12,"column":17}},"loc":{"start":{"line":12,"column":40},"end":{"line":32,"column":1}},"line":12},"2":{"name":"sortById","decl":{"start":{"line":34,"column":9},"end":{"line":34,"column":17}},"loc":{"start":{"line":34,"column":24},"end":{"line":36,"column":1}},"line":34},"3":{"name":"getModuleSource","decl":{"start":{"line":38,"column":9},"end":{"line":38,"column":24}},"loc":{"start":{"line":38,"column":33},"end":{"line":46,"column":1}},"line":38},"4":{"name":"(anonymous_4)","decl":{"start":{"line":42,"column":48},"end":{"line":42,"column":49}},"loc":{"start":{"line":42,"column":61},"end":{"line":44,"column":3}},"line":42},"5":{"name":"concatenateSource","decl":{"start":{"line":48,"column":9},"end":{"line":48,"column":26}},"loc":{"start":{"line":48,"column":43},"end":{"line":50,"column":1}},"line":48},"6":{"name":"WebpackStableBuildPlugin","decl":{"start":{"line":52,"column":9},"end":{"line":52,"column":33}},"loc":{"start":{"line":52,"column":43},"end":{"line":57,"column":1}},"line":52},"7":{"name":"(anonymous_7)","decl":{"start":{"line":59,"column":43},"end":{"line":59,"column":44}},"loc":{"start":{"line":59,"column":63},"end":{"line":128,"column":1}},"line":59},"8":{"name":"genChunkId","decl":{"start":{"line":73,"column":10},"end":{"line":73,"column":20}},"loc":{"start":{"line":73,"column":32},"end":{"line":81,"column":2}},"line":73},"9":{"name":"genModuleId","decl":{"start":{"line":83,"column":10},"end":{"line":83,"column":21}},"loc":{"start":{"line":83,"column":34},"end":{"line":91,"column":2}},"line":83},"10":{"name":"(anonymous_10)","decl":{"start":{"line":93,"column":32},"end":{"line":93,"column":33}},"loc":{"start":{"line":93,"column":55},"end":{"line":127,"column":2}},"line":93},"11":{"name":"(anonymous_11)","decl":{"start":{"line":94,"column":41},"end":{"line":94,"column":42}},"loc":{"start":{"line":94,"column":59},"end":{"line":103,"column":3}},"line":94},"12":{"name":"(anonymous_12)","decl":{"start":{"line":95,"column":18},"end":{"line":95,"column":19}},"loc":{"start":{"line":95,"column":35},"end":{"line":102,"column":4}},"line":95},"13":{"name":"(anonymous_13)","decl":{"start":{"line":105,"column":42},"end":{"line":105,"column":43}},"loc":{"start":{"line":105,"column":61},"end":{"line":115,"column":3}},"line":105},"14":{"name":"(anonymous_14)","decl":{"start":{"line":106,"column":19},"end":{"line":106,"column":20}},"loc":{"start":{"line":106,"column":37},"end":{"line":114,"column":4}},"line":106},"15":{"name":"(anonymous_15)","decl":{"start":{"line":117,"column":35},"end":{"line":117,"column":36}},"loc":{"start":{"line":117,"column":63},"end":{"line":126,"column":3}},"line":117},"16":{"name":"(anonymous_16)","decl":{"start":{"line":123,"column":22},"end":{"line":123,"column":23}},"loc":{"start":{"line":123,"column":40},"end":{"line":125,"column":4}},"line":123}},"branchMap":{"0":{"loc":{"start":{"line":6,"column":1},"end":{"line":8,"column":2}},"type":"if","locations":[{"start":{"line":6,"column":1},"end":{"line":8,"column":2}},{"start":{"line":6,"column":1},"end":{"line":8,"column":2}}],"line":6},"1":{"loc":{"start":{"line":35,"column":8},"end":{"line":35,"column":34}},"type":"cond-expr","locations":[{"start":{"line":35,"column":16},"end":{"line":35,"column":17}},{"start":{"line":35,"column":20},"end":{"line":35,"column":34}}],"line":35},"2":{"loc":{"start":{"line":35,"column":20},"end":{"line":35,"column":34}},"type":"cond-expr","locations":[{"start":{"line":35,"column":28},"end":{"line":35,"column":30}},{"start":{"line":35,"column":33},"end":{"line":35,"column":34}}],"line":35},"3":{"loc":{"start":{"line":41,"column":10},"end":{"line":41,"column":45}},"type":"binary-expr","locations":[{"start":{"line":41,"column":10},"end":{"line":41,"column":39}},{"start":{"line":41,"column":43},"end":{"line":41,"column":45}}],"line":41},"4":{"loc":{"start":{"line":41,"column":11},"end":{"line":41,"column":31}},"type":"binary-expr","locations":[{"start":{"line":41,"column":11},"end":{"line":41,"column":25}},{"start":{"line":41,"column":29},"end":{"line":41,"column":31}}],"line":41},"5":{"loc":{"start":{"line":42,"column":17},"end":{"line":42,"column":42}},"type":"binary-expr","locations":[{"start":{"line":42,"column":17},"end":{"line":42,"column":36}},{"start":{"line":42,"column":40},"end":{"line":42,"column":42}}],"line":42},"6":{"loc":{"start":{"line":43,"column":10},"end":{"line":43,"column":37}},"type":"cond-expr","locations":[{"start":{"line":43,"column":21},"end":{"line":43,"column":32}},{"start":{"line":43,"column":35},"end":{"line":43,"column":37}}],"line":43},"7":{"loc":{"start":{"line":53,"column":16},"end":{"line":53,"column":29}},"type":"binary-expr","locations":[{"start":{"line":53,"column":16},"end":{"line":53,"column":23}},{"start":{"line":53,"column":27},"end":{"line":53,"column":29}}],"line":53},"8":{"loc":{"start":{"line":55,"column":18},"end":{"line":55,"column":44}},"type":"binary-expr","locations":[{"start":{"line":55,"column":18},"end":{"line":55,"column":35}},{"start":{"line":55,"column":39},"end":{"line":55,"column":44}}],"line":55},"9":{"loc":{"start":{"line":56,"column":15},"end":{"line":56,"column":38}},"type":"binary-expr","locations":[{"start":{"line":56,"column":15},"end":{"line":56,"column":29}},{"start":{"line":56,"column":33},"end":{"line":56,"column":38}}],"line":56},"10":{"loc":{"start":{"line":63,"column":13},"end":{"line":63,"column":36}},"type":"binary-expr","locations":[{"start":{"line":63,"column":13},"end":{"line":63,"column":31}},{"start":{"line":63,"column":35},"end":{"line":63,"column":36}}],"line":63},"11":{"loc":{"start":{"line":64,"column":16},"end":{"line":64,"column":44}},"type":"binary-expr","locations":[{"start":{"line":64,"column":16},"end":{"l
[...]
nd":{"line":77,"column":788}},"loc":{"start":{"line":77,"column":794},"end":{"line":77,"column":850}},"line":77},"1":{"name":"bumpStat","decl":{"start":{"line":81,"column":1021},"end":{"line":81,"column":1029}},"loc":{"start":{"line":81,"column":1043},"end":{"line":81,"column":1242}},"line":81},"2":{"name":"render","decl":{"start":{"line":88,"column":1254},"end":{"line":88,"column":1260}},"loc":{"start":{"line":88,"column":1270},"end":{"line":90,"column":1}},"line":88},"3":{"name":"serverRender","decl":{"start":{"line":90,"column":10},"end":{"line":90,"column":22}},"loc":{"start":{"line":90,"column":33},"end":{"line":129,"column":1}},"line":90}},"branchMap":{"0":{"loc":{"start":{"line":77,"column":802},"end":{"line":77,"column":848}},"type":"cond-expr","locations":[{"start":{"line":77,"column":826},"end":{"line":77,"column":829}},{"start":{"line":77,"column":832},"end":{"line":77,"column":848}}],"line":77},"1":{"loc":{"start":{"line":77,"column":802},"end":{"line":77,"column":823}},"type":"binary-expr","locations":[{"start":{"line":77,"column":802},"end":{"line":77,"column":805}},{"start":{"line":77,"column":809},"end":{"line":77,"column":823}}],"line":77},"2":{"loc":{"start":{"line":81,"column":1148},"end":{"line":81,"column":1241}},"type":"if","locations":[{"start":{"line":81,"column":1148},"end":{"line":81,"column":1241}},{"start":{"line":81,"column":1148},"end":{"line":81,"column":1241}}],"line":81},"3":{"loc":{"start":{"line":88,"column":1281},"end":{"line":88,"column":1382}},"type":"cond-expr","locations":[{"start":{"line":88,"column":1334},"end":{"line":88,"column":1346}},{"start":{"line":88,"column":1349},"end":{"line":88,"column":1382}}],"line":88},"4":{"loc":{"start":{"line":88,"column":1281},"end":{"line":88,"column":1331}},"type":"binary-expr","locations":[{"start":{"line":88,"column":1281},"end":{"line":88,"column":1301}},{"start":{"line":88,"column":1305},"end":{"line":88,"column":1331}}],"line":88},"5":{"loc":{"start":{"line":88,"column":1492},"end":{"line":88,"column":1698}},"type":"if","locations":[{"start":{"line":88,"column":1492},"end":{"line":88,"column":1698}},{"start":{"line":88,"column":1492},"end":{"line":88,"column":1698}}],"line":88},"6":{"loc":{"start":{"line":88,"column":1781},"end":{"line":89,"column":57}},"type":"if","locations":[{"start":{"line":88,"column":1781},"end":{"line":89,"column":57}},{"start":{"line":88,"column":1781},"end":{"line":89,"column":57}}],"line":88},"7":{"loc":{"start":{"line":89,"column":93},"end":{"line":89,"column":156}},"type":"if","locations":[{"start":{"line":89,"column":93},"end":{"line":89,"column":156}},{"start":{"line":89,"column":93},"end":{"line":89,"column":156}}],"line":89},"8":{"loc":{"start":{"line":90,"column":101},"end":{"line":90,"column":243}},"type":"if","locations":[{"start":{"line":90,"column":101},"end":{"line":90,"column":243}},{"start":{"line":90,"column":101},"end":{"line":90,"column":243}}],"line":90},"9":{"loc":{"start":{"line":90,"column":243},"end":{"line":98,"column":2}},"type":"if","locations":[{"start":{"line":90,"column":243},"end":{"line":98,"column":2}},{"start":{"line":90,"column":243},"end":{"line":98,"column":2}}],"line":90},"10":{"loc":{"start":{"line":90,"column":247},"end":{"line":90,"column":423}},"type":"binary-expr","locations":[{"start":{"line":90,"column":247},"end":{"line":90,"column":298}},{"start":{"line":90,"column":302},"end":{"line":90,"column":316}},{"start":{"line":90,"column":320},"end":{"line":90,"column":333}},{"start":{"line":90,"column":337},"end":{"line":90,"column":374}},{"start":{"line":90,"column":378},"end":{"line":90,"column":423}}],"line":90},"11":{"loc":{"start":{"line":94,"column":2},"end":{"line":96,"column":3}},"type":"if","locations":[{"start":{"line":94,"column":2},"end":{"line":96,"column":3}},{"start":{"line":94,"column":2},"end":{"line":96,"column":3}}],"line":94},"12":{"loc":{"start":{"line":100,"column":1},"end":{"line":119,"column":2}},"type":"if","locations":[{"start":{"line":100,"column":1},"end":{"line":119,"column":2}},{"start":{"line":100,"column":1},"end":{"line":119,"column":2}}],"line":100},"13":{"loc":{"start":{"line":107,"column":2},"end":{"line":109,"column":3}},"type":"if","locations":[{"start":{"line":107,"column":2},"end":{"line":109,"column":3}},{"start":{"line":107,"column":2},"end":{"line":109,"column":3}}],"line":107},"14":{"loc":{"start":{"line":107,"column":6},"end":{"line":107,"column":84}},"type":"binary-expr","locations":[{"start":{"line":107,"column":6},"end":{"line":107,"column":67}},{"start":{"line":107,"column":71},"end":{"line":107,"column":84}}],"line":107},"15":{"loc":{"start":{"line":114,"column":2},"end":{"line":118,"column":3}},"type":"if","locations":[{"start":{"line":114,"column":2},"end":{"line":118,"column":3}},{"start":{"line":114,"column":2},"end":{"line":118,"column":3}}],"line":114},"16":{"loc":{"start":{"line":124,"column":1},"end":{"line":128,"column":2}},"type":"if","locations":[{"start":{"line":124,"column":1},"end":{"line":128,"column":2}},{"start":{"line":124,"column":1},"end":{"line":128,"column":2}}],"line":124}},"s":{"0":0,"1":0,"2":0,"3":0,"4":0,"5":0,"6":0,"7":0,"8":0,"9":0,"10":0,"11":0,"12":0,"13":0,"14":0,"15":0,"16":0,"17":0,"18":0,"19":0,"20":0,"21":0,"22":0,"23":0,"24":0,"25":0,"26":0,"27":0,"28":0,"29":0,"30":0,"31":0,"32":0,"33":0,"34":0,"35":0,"36":0,"37":0,"38":0,"39":0,"40":0,"41":0,"42":0,"43":0,"44":0,"45":0,"46":0,"47":0,"48":0,"49":0,"50":0,"51":0,"52":0,"53":0,"54":0,"55":0,"56":0,"57":0,"58":0,"59":0,"60":0,"61":0,"62":0,"63":0,"64":0,"65":0,"66":0,"67":0,"68":0,"69":0,"70":0,"71":0,"72":0,"73":0,"74":0,"75":0,"76":0},"f":{"0":0,"1":0,"2":0,"3":0},"b":{"0":[0,0],"1":[0,0],"2":[0,0],"3":[0,0],"4":[0,0],"5":[0,0],"6":[0,0],"7":[0,0],"8":[0,0],"9":[0,0],"10":[0,0,0,0,0],"11":[0,0],"12":[0,0],"13":[0,0],"14":[0,0],"15":[0,0],"16":[0,0]}}
,"/Users/gziolo/PhpstormProjects/wp-calypso/server/sanitize/index.js": {"path":"/Users/gziolo/PhpstormProjects/wp-calypso/server/sanitize/index.js","statementMap":{"0":{"start":{"line":1,"column":30},"end":{"line":1,"column":77}},"1":{"start":{"line":1,"column":96},"end":{"line":1,"column":130}},"2":{"start":{"line":1,"column":169},"end":{"line":1,"column":223}},"3":{"start":{"line":13,"column":12},"end":{"line":13,"column":33}},"4":{"start":{"line":14,"column":7},"end":{"line":14,"column":38}},"5":{"start":{"line":16,"column":1},"end":{"line":22,"column":2}},"6":{"start":{"line":17,"column":2},"end":{"line":19,"column":3}},"7":{"start":{"line":18,"column":3},"end":{"line":18,"column":23}},"8":{"start":{"line":21,"column":2},"end":{"line":21,"column":21}},"9":{"start":{"line":25,"column":1},"end":{"line":36,"column":21}},"10":{"start":{"line":27,"column":3},"end":{"line":27,"column":24}},"11":{"start":{"line":29,"column":3},"end":{"line":29,"column":23}},"12":{"start":{"line":31,"column":3},"end":{"line":31,"column":22}},"13":{"start":{"line":36,"column":3},"end":{"line":36,"column":20}},"14":{"start":{"line":45,"column":0},"end":{"line":53,"column":2}},"15":{"start":{"line":46,"column":27},"end":{"line":46,"column":63}},"16":{"start":{"line":47,"column":18},"end":{"line":47,"column":45}},"17":{"start":{"line":48,"column":1},"end":{"line":52,"column":42}}},"fnMap":{"0":{"name":"_interopRequireDefault","decl":{"start":{"line":1,"column":140},"end":{"line":1,"column":162}},"loc":{"start":{"line":1,"column":168},"end":{"line":1,"column":224}},"line":1},"1":{"name":"jsSlashEncoder","decl":{"start":{"line":12,"column":9},"end":{"line":12,"column":23}},"loc":{"start":{"line":12,"column":33},"end":{"line":38,"column":1}},"line":12},"2":{"name":"(anonymous_2)","decl":{"start":{"line":45,"column":31},"end":{"line":45,"column":32}},"loc":{"start":{"line":45,"column":48},"end":{"line":53,"column":1}},"line":45}},"branchMap":{"0":{"loc":{"start":{"line":1,"column":176},"end":{"line":1,"column":222}},"type":"cond-expr","locations":[{"start":{"line":1,"column":200},"end":{"line":1,"column":203}},{"start":{"line":1,"column":206},"end":{"line":1,"column":222}}],"line":1},"1":{"loc":{"start":{"line":1,"column":176},"end":{"line":1,"column":197}},"type":"binary-expr","locations":[{"start":{"line":1,"column":176},"end":{"line":1,"column":179}},{"start":{"line":1,"column":183},"end":{"line":1,"column":197}}],"line":1},"2":{"loc":{"start":{"line":16,"column":1},"end":{"line":22,"column":2}},"type":"if","locations":[{"start":{"line":16,"column":1},"end":{"line":22,"column":2}},{"start":{"line":16,"column":1},"end":{"line":22,"column":2}}],"line":16},"3":{"loc":{"start":{"line":17,"column":2},"end":{"line":19,"column":3}},"type":"if","locations":[{"start":{"line":17,"column":2},"end":{"line":19,"column":3}},{"start":{"line":17,"column":2},"end":{"line":19,"column":3}}],"line":17},"4":{"loc":{"start":{"line":25,"column":1},"end":{"line":36,"column":21}},"type":"switch","locations":[{"start":{"line":26,"column":2},"end":{"line":27,"column":24}},{"start":{"line":28,"column":2},"end":{"line":29,"column":23}},{"start":{"line":30,"column":2},"end":{"line":31,"column":22}},{"start":{"line":32,"column":2},"end":{"line":36,"column":20}}],"line":25}},"s":{"0":0,"1":0,"2":0,"3":0,"4":0,"5":0,"6":0,"7":0,"8":0,"9":0,"10":0,"11":0,"12":0,"13":0,"14":0,"15":0,"16":0,"17":0},"f":{"0":0,"1":0,"2":0},"b":{"0":[0,0],"1":[0,0],"2":[0,0],"3":[0,0],"4":[0,0,0,0]}}
,"/Users/gziolo/PhpstormProjects/wp-calypso/server/state-cache/index.js": {"path":"/Users/gziolo/PhpstormProjects/wp-calypso/server/state-cache/index.js","statementMap":{"0":{"start":{"line":1,"column":13},"end":{"line":1,"column":75}},"1":{"start":{"line":4,"column":11},"end":{"line":4,"column":25}},"2":{"start":{"line":4,"column":38},"end":{"line":4,"column":66}},"3":{"start":{"line":4,"column":105},"end":{"line":4,"column":159}},"4":{"start":{"line":6,"column":17},"end":{"line":6,"column":24}},"5":{"start":{"line":8,"column":46},"end":{"line":9,"column":23}},"6":{"start":{"line":9,"column":24},"end":{"line":12,"column":11}},"7":{"start":{"line":12,"column":11},"end":{"line":12,"column":47}}},"fnMap":{"0":{"name":"_interopRequireDefault","decl":{"start":{"line":4,"column":76},"end":{"line":4,"column":98}},"loc":{"start":{"line":4,"column":104},"end":{"line":4,"column":160}},"line":4}},"branchMap":{"0":{"loc":{"start":{"line":4,"column":112},"end":{"line":4,"column":158}},"type":"cond-expr","locations":[{"start":{"line":4,"column":136},"end":{"line":4,"column":139}},{"start":{"line":4,"column":142},"end":{"line":4,"column":158}}],"line":4},"1":{"loc":{"start":{"line":4,"column":112},"end":{"line":4,"column":133}},"type":"binary-expr","locations":[{"start":{"line":4,"column":112},"end":{"line":4,"column":115}},{"start":{"line":4,"column":119},"end":{"line":4,"column":133}}],"line":4}},"s":{"0":0,"1":0,"2":0,"3":0,"4":0,"5":0,"6":0,"7":0},"f":{"0":0},"b":{"0":[0,0],"1":[0,0]}}
,"/Users/gziolo/PhpstormProjects/wp-calypso/server/user-bootstrap/index.js": {"path":"/Users/gziolo/PhpstormProjects/wp-calypso/server/user-bootstrap/index.js","statementMap":{"0":{"start":{"line":1,"column":30},"end":{"line":1,"column":51}},"1":{"start":{"line":2,"column":9},"end":{"line":2,"column":26}},"2":{"start":{"line":3,"column":8},"end":{"line":3,"column":45}},"3":{"start":{"line":4,"column":9},"end":{"line":4,"column":26}},"4":{"start":{"line":6,"column":13},"end":{"line":6,"column":30}},"5":{"start":{"line":7,"column":10},"end":{"line":7,"column":46}},"6":{"start":{"line":8,"column":12},"end":{"line":8,"column":37}},"7":{"start":{"line":13,"column":6},"end":{"line":13,"column":62}},"8":{"start":{"line":15,"column":0},"end":{"line":58,"column":2}},"9":{"start":{"line":17,"column":11},"end":{"line":17,"column":30}},"10":{"start":{"line":20,"column":1},"end":{"line":30,"column":2}},"11":{"start":{"line":21,"column":2},"end":{"line":21,"column":43}},"12":{"start":{"line":22,"column":2},"end":{"line":22,"column":37}},"13":{"start":{"line":23,"column":2},"end":{"line":29,"column":3}},"14":{"start":{"line":24,"column":3},"end":{"line":24,"column":44}},"15":{"start":{"line":25,"column":3},"end":{"line":25,"column":29}},"16":{"start":{"line":26,"column":3},"end":{"line":26,"column":51}},"17":{"start":{"line":27,"column":3},"end":{"line":27,"column":33}},"18":{"start":{"line":28,"column":3},"end":{"line":28,"column":50}},"19":{"start":{"line":33,"column":1},"end":{"line":57,"column":4}},"20":{"start":{"line":36,"column":2},"end":{"line":38,"column":3}},"21":{"start":{"line":37,"column":3},"end":{"line":37,"column":24}},"22":{"start":{"line":40,"column":2},"end":{"line":40,"column":18}},"23":{"start":{"line":41,"column":2},"end":{"line":41,"column":26}},"24":{"start":{"line":43,"column":2},"end":{"line":43,"column":49}},"25":{"start":{"line":45,"column":2},"end":{"line":53,"column":3}},"26":{"start":{"line":46,"column":3},"end":{"line":46,"column":23}},"27":{"start":{"line":47,"column":3},"end":{"line":47,"column":33}},"28":{"start":{"line":48,"column":3},"end":{"line":50,"column":4}},"29":{"start":{"line":49,"column":4},"end":{"line":49,"column":27}},"30":{"start":{"line":52,"column":3},"end":{"line":52,"column":26}},"31":{"start":{"line":55,"column":2},"end":{"line":55,"column":42}},"32":{"start":{"line":56,"column":2},"end":{"line":56,"column":23}}},"fnMap":{"0":{"name":"(anonymous_0)","decl":{"start":{"line":15,"column":17},"end":{"line":15,"column":18}},"loc":{"start":{"line":15,"column":49},"end":{"line":58,"column":1}},"line":15},"1":{"name":"(anonymous_1)","decl":{"start":{"line":33,"column":9},"end":{"line":33,"column":10}},"loc":{"start":{"line":33,"column":29},"end":{"line":57,"column":2}},"line":33}},"branchMap":{"0":{"loc":{"start":{"line":20,"column":1},"end":{"line":30,"column":2}},"type":"if","locations":[{"start":{"line":20,"column":1},"end":{"line":30,"column":2}},{"start":{"line":20,"column":1},"end":{"line":30,"column":2}}],"line":20},"1":{"loc":{"start":{"line":23,"column":2},"end":{"line":29,"column":3}},"type":"if","locations":[{"start":{"line":23,"column":2},"end":{"line":29,"column":3}},{"start":{"line":23,"column":2},"end":{"line":29,"column":3}}],"line":23},"2":{"loc":{"start":{"line":36,"column":2},"end":{"line":38,"column":3}},"type":"if","locations":[{"start":{"line":36,"column":2},"end":{"line":38,"column":3}},{"start":{"line":36,"column":2},"end":{"line":38,"column":3}}],"line":36},"3":{"loc":{"start":{"line":36,"column":6},"end":{"line":36,"column":17}},"type":"binary-expr","locations":[{"start":{"line":36,"column":6},"end":{"line":36,"column":9}},{"start":{"line":36,"column":13},"end":{"line":36,"column":17}}],"line":36},"4":{"loc":{"start":{"line":45,"column":2},"end":{"line":53,"column":3}},"type":"if","locations":[{"start":{"line":45,"column":2},"end":{"line":53,"column":3}},{"start":{"line":45,"column":2},"end":{"line":53,"column":3}}],"line":45}},"s":{"0":0,"1":0,"2":0,"3":0,"4":0,"5":0,"6":0,"7":0,"8":0,"9":0,"10":0,"11":0,"12":0,"13":0,"14":0,"15":0,"16":0,"17":0,"18":0,"19":0,"20":0,"21":0,"22":0,"23":0,"24":0,"25":0,"26":0,"27":0,"28":0,"29":0,"30":0,"31":0,"32":0},"f":{"0":0,"1":0},"b":{"0":[0,0],"1":[0,0],"2":[0,0],"3":[0,0],"4":[0,0]}}
,"/Users/gziolo/PhpstormProjects/wp-calypso/server/user-bootstrap/shared-utils.js": {"path":"/Users/gziolo/PhpstormProjects/wp-calypso/server/user-bootstrap/shared-utils.js","statementMap":{"0":{"start":{"line":1,"column":13},"end":{"line":1,"column":75}},"1":{"start":{"line":1,"column":91},"end":{"line":1,"column":131}},"2":{"start":{"line":1,"column":148},"end":{"line":1,"column":181}},"3":{"start":{"line":4,"column":19},"end":{"line":4,"column":51}},"4":{"start":{"line":4,"column":70},"end":{"line":4,"column":107}},"5":{"start":{"line":4,"column":147},"end":{"line":4,"column":363}},"6":{"start":{"line":4,"column":175},"end":{"line":4,"column":186}},"7":{"start":{"line":4,"column":207},"end":{"line":4,"column":209}},"8":{"start":{"line":4,"column":210},"end":{"line":4,"column":327}},"9":{"start":{"line":4,"column":228},"end":{"line":4,"column":326}},"10":{"start":{"line":4,"column":250},"end":{"line":4,"column":325}},"11":{"start":{"line":4,"column":302},"end":{"line":4,"column":325}},"12":{"start":{"line":4,"column":327},"end":{"line":4,"column":348}},"13":{"start":{"line":4,"column":348},"end":{"line":4,"column":362}},"14":{"start":{"line":4,"column":402},"end":{"line":4,"column":456}},"15":{"start":{"line":4,"column":457},"end":{"line":7,"column":13}},"16":{"start":{"line":9,"column":0},"end":{"line":9,"column":36}}},"fnMap":{"0":{"name":"_interopRequireWildcard","decl":{"start":{"line":4,"column":117},"end":{"line":4,"column":140}},"loc":{"start":{"line":4,"column":146},"end":{"line":4,"column":364}},"line":4},"1":{"name":"_interopRequireDefault","decl":{"start":{"line":4,"column":373},"end":{"line":4,"column":395}},"loc":{"start":{"line":4,"column":401},"end":{"line":4,"column":457}},"line":4}},"branchMap":{"0":{"loc":{"start":{"line":4,"column":147},"end":{"line":4,"column":363}},"type":"if","locations":[{"start":{"line":4,"column":147},"end":{"line":4,"column":363}},{"start":{"line":4,"column":147},"end":{"line":4,"column":363}}],"line":4},"1":{"loc":{"start":{"line":4,"column":151},"end":{"line":4,"column":172}},"type":"binary-expr","locations":[{"start":{"line":4,"column":151},"end":{"line":4,"column":154}},{"start":{"line":4,"column":158},"end":{"line":4,"column":172}}],"line":4},"2":{"loc":{"start":{"line":4,"column":210},"end":{"line":4,"column":327}},"type":"if","locations":[{"start":{"line":4,"column":210},"end":{"line":4,"column":327}},{"start":{"line":4,"column":210},"end":{"line":4,"column":327}}],"line":4},"3":{"loc":{"start":{"line":4,"column":250},"end":{"line":4,"column":325}},"type":"if","locations":[{"start":{"line":4,"column":250},"end":{"line":4,"column":325}},{"start":{"line":4,"column":250},"end":{"line":4,"column":325}}],"line":4},"4":{"loc":{"start":{"line":4,"column":409},"end":{"line":4,"column":455}},"type":"cond-expr","locations":[{"start":{"line":4,"column":433},"end":{"line":4,"column":436}},{"start":{"line":4,"column":439},"end":{"line":4,"column":455}}],"line":4},"5":{"loc":{"start":{"line":4,"column":409},"end":{"line":4,"column":430}},"type":"binary-expr","locations":[{"start":{"line":4,"column":409},"end":{"line":4,"column":412}},{"start":{"line":4,"column":416},"end":{"line":4,"column":430}}],"line":4}},"s":{"0":0,"1":0,"2":0,"3":0,"4":0,"5":0,"6":0,"7":0,"8":0,"9":0,"10":0,"11":0,"12":0,"13":0,"14":0,"15":0,"16":0},"f":{"0":0,"1":0},"b":{"0":[0,0],"1":[0,0],"2":[0,0],"3":[0,0],"4":[0,0],"5":[0,0]}}
,"/Users/gziolo/PhpstormProjects/wp-calypso/test/server/jest.config.ci.js": {"path":"/Users/gziolo/PhpstormProjects/wp-calypso/test/server/jest.config.ci.js","statementMap":{"0":{"start":{"line":1,"column":27},"end":{"line":1,"column":73}},"1":{"start":{"line":1,"column":89},"end":{"line":1,"column":120}},"2":{"start":{"line":1,"column":159},"end":{"line":1,"column":213}},"3":{"start":{"line":1,"column":214},"end":{"line":7,"column":31}}},"fnMap":{"0":{"name":"_interopRequireDefault","decl":{"start":{"line":1,"column":130},"end":{"line":1,"column":152}},"loc":{"start":{"line":1,"column":158},"end":{"line":1,"column":214}},"line":1}},"branchMap":{"0":{"loc":{"start":{"line":1,"column":166},"end":{"line":1,"column":212}},"type":"cond-expr","locations":[{"start":{"line":1,"column":190},"end":{"line":1,"column":193}},{"start":{"line":1,"column":196},"end":{"line":1,"column":212}}],"line":1},"1":{"loc":{"start":{"line":1,"column":166},"end":{"line":1,"column":187}},"type":"binary-expr","locations":[{"start":{"line":1,"column":166},"end":{"line":1,"column":169}},{"start":{"line":1,"column":173},"end":{"line":1,"column":187}}],"line":1}},"s":{"0":0,"1":0,"2":0,"3":0},"f":{"0":0},"b":{"0":[0,0],"1":[0,0]}}
,"/Users/gziolo/PhpstormProjects/wp-calypso/test/server/jest.config.js": {"path":"/Users/gziolo/PhpstormProjects/wp-calypso/test/server/jest.config.js","statementMap":{"0":{"start":{"line":1,"column":13},"end":{"line":1,"column":60}}},"fnMap":{},"branchMap":{},"s":{"0":0},"f":{},"b":{}}
}
