TN:
SF:/Users/gziolo/PhpstormProjects/wp-calypso/server/api/index.js
FN:13,(anonymous_0)
FN:16,(anonymous_1)
FNF:2
FNH:1
FNDA:1,(anonymous_0)
FNDA:0,(anonymous_1)
DA:4,1
DA:9,1
DA:10,1
DA:11,1
DA:13,1
DA:14,1
DA:16,1
DA:17,0
DA:22,1
DA:23,1
DA:26,1
LF:11
LH:10
BRDA:22,0,0,1
BRDA:22,0,1,0
BRF:2
BRH:1
end_of_record
TN:
SF:/Users/gziolo/PhpstormProjects/wp-calypso/server/api/oauth.js
FN:12,oauth
FN:25,proxyOAuth
FN:40,(anonymous_2)
FN:46,checkConnection
FN:47,(anonymous_4)
FN:57,proxyError
FN:58,(anonymous_6)
FN:69,validateOauthResponse
FN:73,logout
FN:78,sms
FN:88,(anonymous_10)
FN:93,(anonymous_11)
FNF:12
FNH:1
FNDA:0,oauth
FNDA:0,proxyOAuth
FNDA:0,(anonymous_2)
FNDA:0,checkConnection
FNDA:0,(anonymous_4)
FNDA:0,proxyError
FNDA:0,(anonymous_6)
FNDA:0,validateOauthResponse
FNDA:0,logout
FNDA:0,sms
FNDA:0,(anonymous_10)
FNDA:1,(anonymous_11)
DA:4,1
DA:5,1
DA:10,1
DA:13,0
DA:27,0
DA:32,0
DA:34,0
DA:37,0
DA:42,0
DA:47,0
DA:48,0
DA:49,0
DA:53,0
DA:58,0
DA:60,0
DA:61,0
DA:65,0
DA:70,0
DA:74,0
DA:75,0
DA:79,0
DA:85,0
DA:89,0
DA:93,1
DA:94,1
LF:25
LH:5
BRDA:32,0,0,0
BRDA:32,0,1,0
BRDA:48,1,0,0
BRDA:48,1,1,0
BRDA:60,2,0,0
BRDA:60,2,1,0
BRF:6
BRH:0
end_of_record
TN:
SF:/Users/gziolo/PhpstormProjects/wp-calypso/server/boot/index.js
FN:16,setup
FNF:1
FNH:0
FNDA:0,setup
DA:4,0
DA:5,0
DA:6,0
DA:7,0
DA:8,0
DA:9,0
DA:18,0
DA:25,0
DA:28,0
DA:30,0
DA:32,0
DA:34,0
DA:37,0
DA:38,0
DA:41,0
DA:43,0
DA:44,0
DA:47,0
DA:51,0
DA:54,0
DA:57,0
DA:58,0
DA:59,0
DA:62,0
DA:63,0
DA:64,0
DA:67,0
DA:68,0
DA:71,0
DA:72,0
DA:75,0
DA:77,0
DA:83,0
LF:33
LH:0
BRDA:30,0,0,0
BRDA:30,0,1,0
BRDA:32,1,0,0
BRDA:32,1,1,0
BRDA:57,2,0,0
BRDA:57,2,1,0
BRDA:62,3,0,0
BRDA:62,3,1,0
BRDA:67,4,0,0
BRDA:67,4,1,0
BRF:10
BRH:0
end_of_record
TN:
SF:/Users/gziolo/PhpstormProjects/wp-calypso/server/build/index.js
FN:15,setup
FN:21,spawnMake
FN:35,onstdout
FN:39,onexit
FN:45,onstderr
FN:50,(anonymous_5)
FN:56,(anonymous_6)
FNF:7
FNH:0
FNDA:0,setup
FNDA:0,spawnMake
FNDA:0,onstdout
FNDA:0,onexit
FNDA:0,onstderr
FNDA:0,(anonymous_5)
FNDA:0,(anonymous_6)
DA:4,0
DA:5,0
DA:6,0
DA:17,0
DA:18,0
DA:19,0
DA:22,0
DA:23,0
DA:28,0
DA:29,0
DA:30,0
DA:31,0
DA:32,0
DA:36,0
DA:40,0
DA:41,0
DA:42,0
DA:46,0
DA:47,0
DA:50,0
DA:52,0
DA:53,0
DA:56,0
DA:57,0
DA:59,0
DA:62,0
DA:71,0
LF:27
LH:0
BRDA:52,0,0,0
BRDA:52,0,1,0
BRDA:57,1,0,0
BRDA:57,1,1,0
BRF:4
BRH:0
end_of_record
TN:
SF:/Users/gziolo/PhpstormProjects/wp-calypso/server/bundler/assets.js
FN:3,middleware
FN:5,(anonymous_1)
FNF:2
FNH:0
FNDA:0,middleware
FNDA:0,(anonymous_1)
DA:4,0
DA:5,0
DA:6,0
DA:7,0
DA:11,0
LF:5
LH:0
BRF:0
BRH:0
end_of_record
TN:
SF:/Users/gziolo/PhpstormProjects/wp-calypso/server/bundler/css-hot-reload.js
FN:15,setup
FN:29,spawnMake
FN:54,onstdout
FN:58,onstderr
FN:68,onexit
FN:103,updateChangedCssFiles
FN:118,(anonymous_6)
FN:136,(anonymous_7)
FNF:8
FNH:0
FNDA:0,setup
FNDA:0,spawnMake
FNDA:0,onstdout
FNDA:0,onstderr
FNDA:0,onexit
FNDA:0,updateChangedCssFiles
FNDA:0,(anonymous_6)
FNDA:0,(anonymous_7)
DA:4,0
DA:5,0
DA:6,0
DA:7,0
DA:8,0
DA:9,0
DA:10,0
DA:17,0
DA:21,0
DA:22,0
DA:24,0
DA:25,0
DA:26,0
DA:27,0
DA:31,0
DA:32,0
DA:33,0
DA:36,0
DA:39,0
DA:40,0
DA:46,0
DA:47,0
DA:48,0
DA:49,0
DA:50,0
DA:51,0
DA:55,0
DA:59,0
DA:62,0
DA:71,0
DA:72,0
DA:73,0
DA:75,0
DA:77,0
DA:78,0
DA:79,0
DA:81,0
DA:82,0
DA:83,0
DA:84,0
DA:87,0
DA:88,0
DA:93,0
DA:94,0
DA:104,0
DA:105,0
DA:106,0
DA:107,0
DA:108,0
DA:109,0
DA:113,0
DA:118,0
DA:119,0
DA:120,0
DA:121,0
DA:127,0
DA:136,0
DA:137,0
DA:138,0
DA:147,0
LF:60
LH:0
BRDA:31,0,0,0
BRDA:31,0,1,0
BRDA:75,1,0,0
BRDA:75,1,1,0
BRDA:79,2,0,0
BRDA:79,2,1,0
BRDA:82,3,0,0
BRDA:82,3,1,0
BRDA:107,4,0,0
BRDA:107,4,1,0
BRDA:119,5,0,0
BRDA:119,5,1,0
BRDA:137,6,0,0
BRDA:137,6,1,0
BRDA:137,7,0,0
BRDA:137,7,1,0
BRF:16
BRH:0
end_of_record
TN:
SF:/Users/gziolo/PhpstormProjects/wp-calypso/server/bundler/extensions-loader.js
FN:1,_interopRequireDefault
FN:6,getReducerPath
FN:10,generateReducerRequireString
FN:14,generateExtensionsModuleString
FN:24,getReducersSync
FN:26,(anonymous_5)
FN:30,getExtensionsModuleSync
FN:34,pathExists
FN:35,(anonymous_8)
FN:36,(anonymous_9)
FN:40,getReducersAsync
FN:42,(anonymous_11)
FN:44,(anonymous_12)
FN:47,(anonymous_13)
FN:51,getExtensionsModuleAsync
FN:56,(anonymous_15)
FN:72,(anonymous_16)
FN:73,(anonymous_17)
FNF:18
FNH:0
FNDA:0,_interopRequireDefault
FNDA:0,getReducerPath
FNDA:0,generateReducerRequireString
FNDA:0,generateExtensionsModuleString
FNDA:0,getReducersSync
FNDA:0,(anonymous_5)
FNDA:0,getExtensionsModuleSync
FNDA:0,pathExists
FNDA:0,(anonymous_8)
FNDA:0,(anonymous_9)
FNDA:0,getReducersAsync
FNDA:0,(anonymous_11)
FNDA:0,(anonymous_12)
FNDA:0,(anonymous_13)
FNDA:0,getExtensionsModuleAsync
FNDA:0,(anonymous_15)
FNDA:0,(anonymous_16)
FNDA:0,(anonymous_17)
DA:1,0
DA:2,0
DA:3,0
DA:4,0
DA:7,0
DA:11,0
DA:15,0
DA:24,0
DA:25,0
DA:26,0
DA:31,0
DA:35,0
DA:36,0
DA:40,0
DA:41,0
DA:42,0
DA:44,0
DA:47,0
DA:52,0
DA:56,0
DA:57,0
DA:59,0
DA:61,0
DA:62,0
DA:63,0
DA:66,0
DA:67,0
DA:68,0
DA:71,0
DA:72,0
DA:73,0
LF:31
LH:0
BRDA:1,0,0,0
BRDA:1,0,1,0
BRDA:1,1,0,0
BRDA:1,1,1,0
BRDA:24,2,0,0
BRDA:24,2,1,0
BRDA:24,3,0,0
BRDA:24,3,1,0
BRDA:40,4,0,0
BRDA:40,4,1,0
BRDA:40,5,0,0
BRDA:40,5,1,0
BRDA:44,6,0,0
BRDA:44,6,1,0
BRDA:57,7,0,0
BRDA:57,7,1,0
BRDA:61,8,0,0
BRDA:61,8,1,0
BRDA:67,9,0,0
BRDA:67,9,1,0
BRF:20
BRH:0
end_of_record
TN:
SF:/Users/gziolo/PhpstormProjects/wp-calypso/server/bundler/hot-reloader.js
FN:14,invalidPlugin
FN:20,sendStats
FN:21,emitted
FN:42,listen
FN:44,(anonymous_4)
FN:54,(anonymous_5)
FN:64,(anonymous_6)
FN:71,close
FNF:8
FNH:0
FNDA:0,invalidPlugin
FNDA:0,sendStats
FNDA:0,emitted
FNDA:0,listen
FNDA:0,(anonymous_4)
FNDA:0,(anonymous_5)
FNDA:0,(anonymous_6)
FNDA:0,close
DA:6,0
DA:7,0
DA:8,0
DA:10,0
DA:11,0
DA:15,0
DA:16,0
DA:22,0
DA:25,0
DA:26,0
DA:29,0
DA:31,0
DA:32,0
DA:33,0
DA:34,0
DA:36,0
DA:40,0
DA:43,0
DA:44,0
DA:45,0
DA:46,0
DA:47,0
DA:49,0
DA:52,0
DA:53,0
DA:54,0
DA:55,0
DA:56,0
DA:58,0
DA:59,0
DA:64,0
DA:65,0
DA:68,0
DA:72,0
DA:73,0
DA:74,0
DA:80,0
LF:37
LH:0
BRDA:15,0,0,0
BRDA:15,0,1,0
BRDA:25,1,0,0
BRDA:25,1,1,0
BRDA:25,2,0,0
BRDA:25,2,1,0
BRDA:25,2,2,0
BRDA:25,2,3,0
BRDA:31,3,0,0
BRDA:31,3,1,0
BRDA:33,4,0,0
BRDA:33,4,1,0
BRDA:46,5,0,0
BRDA:46,5,1,0
BRDA:55,6,0,0
BRDA:55,6,1,0
BRDA:72,7,0,0
BRDA:72,7,1,0
BRF:18
BRH:0
end_of_record
TN:
SF:/Users/gziolo/PhpstormProjects/wp-calypso/server/bundler/index.js
FN:11,middleware
FN:20,(anonymous_1)
FN:34,(anonymous_2)
FN:35,(anonymous_3)
FN:46,waitForCompiler
FNF:5
FNH:0
FNDA:0,middleware
FNDA:0,(anonymous_1)
FNDA:0,(anonymous_2)
FNDA:0,(anonymous_3)
FNDA:0,waitForCompiler
DA:4,0
DA:5,0
DA:6,0
DA:8,0
DA:9,0
DA:12,0
DA:13,0
DA:14,0
DA:15,0
DA:18,0
DA:20,0
DA:21,0
DA:22,0
DA:23,0
DA:26,0
DA:27,0
DA:34,0
DA:35,0
DA:36,0
DA:37,0
DA:38,0
DA:40,0
DA:47,0
DA:48,0
DA:51,0
DA:54,0
DA:55,0
DA:67,0
DA:71,0
DA:73,0
DA:92,0
LF:31
LH:0
BRDA:36,0,0,0
BRDA:36,0,1,0
BRDA:47,1,0,0
BRDA:47,1,1,0
BRDA:54,2,0,0
BRDA:54,2,1,0
BRF:6
BRH:0
end_of_record
TN:
SF:/Users/gziolo/PhpstormProjects/wp-calypso/server/bundler/loader.js
FN:1,_interopRequireDefault
FN:4,getSectionsModule
FN:22,(anonymous_2)
FN:24,(anonymous_3)
FN:71,getRequires
FN:74,(anonymous_5)
FN:81,splitTemplate
FN:122,getPathRegex
FN:130,requireTemplate
FN:134,(anonymous_9)
FN:153,singleEnsure
FN:163,(anonymous_11)
FNF:12
FNH:0
FNDA:0,_interopRequireDefault
FNDA:0,getSectionsModule
FNDA:0,(anonymous_2)
FNDA:0,(anonymous_3)
FNDA:0,getRequires
FNDA:0,(anonymous_5)
FNDA:0,splitTemplate
FNDA:0,getPathRegex
FNDA:0,requireTemplate
FNDA:0,(anonymous_9)
FNDA:0,singleEnsure
FNDA:0,(anonymous_11)
DA:1,0
DA:2,0
DA:6,0
DA:7,0
DA:9,0
DA:10,0
DA:22,0
DA:23,0
DA:24,0
DA:25,0
DA:29,0
DA:50,0
DA:56,0
DA:58,0
DA:72,0
DA:74,0
DA:75,0
DA:78,0
DA:82,0
DA:85,0
DA:119,0
DA:123,0
DA:124,0
DA:126,0
DA:127,0
DA:134,0
DA:135,0
DA:137,0
DA:150,0
DA:154,0
DA:160,0
DA:163,0
DA:166,0
DA:168,0
DA:170,0
DA:171,0
DA:172,0
DA:175,0
DA:177,0
LF:39
LH:0
BRDA:1,0,0,0
BRDA:1,0,1,0
BRDA:1,1,0,0
BRDA:1,1,1,0
BRDA:9,2,0,0
BRDA:9,2,1,0
BRDA:123,3,0,0
BRDA:123,3,1,0
BRDA:166,4,0,0
BRDA:166,4,1,0
BRDA:170,5,0,0
BRDA:170,5,1,0
BRF:12
BRH:0
end_of_record
TN:
SF:/Users/gziolo/PhpstormProjects/wp-calypso/server/bundler/plugin.js
FN:1,_interopRequireDefault
FN:1,ChunkFileNames
FN:4,(anonymous_2)
FN:5,(anonymous_3)
FN:6,(anonymous_4)
FNF:5
FNH:0
FNDA:0,_interopRequireDefault
FNDA:0,ChunkFileNames
FNDA:0,(anonymous_2)
FNDA:0,(anonymous_3)
FNDA:0,(anonymous_4)
DA:1,0
DA:4,0
DA:5,0
DA:6,0
DA:7,0
DA:8,0
DA:46,0
LF:7
LH:0
BRDA:1,0,0,0
BRDA:1,0,1,0
BRDA:1,1,0,0
BRDA:1,1,1,0
BRF:4
BRH:0
end_of_record
TN:
SF:/Users/gziolo/PhpstormProjects/wp-calypso/server/bundler/utils.js
FN:1,getAssets
FN:4,(anonymous_1)
FN:18,pathToRegExp
FNF:3
FNH:0
FNDA:0,getAssets
FNDA:0,(anonymous_1)
FNDA:0,pathToRegExp
DA:2,0
DA:4,0
DA:5,0
DA:6,0
DA:20,0
DA:21,0
DA:23,0
DA:26,0
LF:8
LH:0
BRDA:20,0,0,0
BRDA:20,0,1,0
BRF:2
BRH:0
end_of_record
TN:
SF:/Users/gziolo/PhpstormProjects/wp-calypso/server/bundler/babel/babel-loader-cache-identifier/index.js
FN:1,_interopRequireDefault
FN:13,getModuleVersion
FNF:2
FNH:0
FNDA:0,_interopRequireDefault
FNDA:0,getModuleVersion
DA:1,0
DA:4,0
DA:5,0
DA:14,0
DA:25,0
LF:5
LH:0
BRDA:1,0,0,0
BRDA:1,0,1,0
BRDA:1,1,0,0
BRDA:1,1,1,0
BRDA:30,2,0,0
BRDA:30,2,1,0
BRF:6
BRH:0
end_of_record
TN:
SF:/Users/gziolo/PhpstormProjects/wp-calypso/server/bundler/babel/babel-plugin-transform-wpcalypso-async/index.js
FN:6,(anonymous_0)
FNF:1
FNH:1
FNDA:1,(anonymous_0)
DA:4,1
DA:6,1
DA:14,1
DA:18,2
DA:22,1
DA:29,7
DA:30,7
DA:31,1
DA:34,6
DA:35,6
DA:36,1
DA:39,5
DA:40,5
DA:41,3
DA:47,2
DA:57,2
DA:60,33
DA:61,26
DA:64,7
DA:65,7
DA:66,1
DA:70,6
DA:75,6
DA:89,6
DA:90,6
DA:91,4
DA:94,6
DA:96,3
DA:99,3
DA:110,3
LF:30
LH:30
BRDA:30,0,0,1
BRDA:30,0,1,6
BRDA:35,1,0,1
BRDA:35,1,1,5
BRDA:35,2,0,6
BRDA:35,2,1,6
BRDA:40,3,0,3
BRDA:40,3,1,2
BRDA:60,4,0,26
BRDA:60,4,1,7
BRDA:65,5,0,1
BRDA:65,5,1,6
BRDA:65,6,0,7
BRDA:65,6,1,6
BRDA:90,7,0,4
BRDA:90,7,1,2
BRDA:94,8,0,3
BRDA:94,8,1,3
BRF:18
BRH:18
end_of_record
TN:
SF:/Users/gziolo/PhpstormProjects/wp-calypso/server/bundler/bin/bundler.js
FN:2,_interopRequireDefault
FN:39,minify
FN:42,minifyFile
FN:67,(anonymous_3)
FN:76,done
FN:91,(anonymous_5)
FN:99,(anonymous_6)
FN:119,(anonymous_7)
FN:121,(anonymous_8)
FNF:9
FNH:0
FNDA:0,_interopRequireDefault
FNDA:0,minify
FNDA:0,minifyFile
FNDA:0,(anonymous_3)
FNDA:0,done
FNDA:0,(anonymous_5)
FNDA:0,(anonymous_6)
FNDA:0,(anonymous_7)
FNDA:0,(anonymous_8)
DA:2,0
DA:7,0
DA:8,0
DA:9,0
DA:10,0
DA:11,0
DA:12,0
DA:17,0
DA:18,0
DA:19,0
DA:24,0
DA:27,0
DA:28,0
DA:31,0
DA:40,0
DA:45,0
DA:46,0
DA:49,0
DA:51,0
DA:67,0
DA:68,0
DA:69,0
DA:72,0
DA:77,0
DA:78,0
DA:80,0
DA:81,0
DA:85,0
DA:88,0
DA:91,0
DA:94,0
DA:95,0
DA:96,0
DA:97,0
DA:99,0
DA:100,0
DA:102,0
DA:105,0
DA:106,0
DA:107,0
DA:113,0
DA:115,0
DA:117,0
DA:119,0
DA:120,0
DA:122,0
DA:125,0
LF:47
LH:0
BRDA:2,0,0,0
BRDA:2,0,1,0
BRDA:2,1,0,0
BRDA:2,1,1,0
BRDA:27,2,0,0
BRDA:27,2,1,0
BRDA:45,3,0,0
BRDA:45,3,1,0
BRDA:68,4,0,0
BRDA:68,4,1,0
BRDA:77,5,0,0
BRDA:77,5,1,0
BRDA:94,6,0,0
BRDA:94,6,1,0
BRDA:95,7,0,0
BRDA:95,7,1,0
BRDA:96,8,0,0
BRDA:96,8,1,0
BRDA:106,9,0,0
BRDA:106,9,1,0
BRDA:117,10,0,0
BRDA:117,10,1,0
BRF:22
BRH:0
end_of_record
TN:
SF:/Users/gziolo/PhpstormProjects/wp-calypso/server/bundler/webpack/stable-build-plugin.js
FN:5,md5
FN:12,hashToId
FN:34,sortById
FN:38,getModuleSource
FN:42,(anonymous_4)
FN:48,concatenateSource
FN:52,WebpackStableBuildPlugin
FN:59,(anonymous_7)
FN:73,genChunkId
FN:83,genModuleId
FN:93,(anonymous_10)
FN:94,(anonymous_11)
FN:95,(anonymous_12)
FN:105,(anonymous_13)
FN:106,(anonymous_14)
FN:117,(anonymous_15)
FN:123,(anonymous_16)
FNF:17
FNH:0
FNDA:0,md5
FNDA:0,hashToId
FNDA:0,sortById
FNDA:0,getModuleSource
FNDA:0,(anonymous_4)
FNDA:0,concatenateSource
FNDA:0,WebpackStableBuildPlugin
FNDA:0,(anonymous_7)
FNDA:0,genChunkId
FNDA:0,genModuleId
FNDA:0,(anonymous_10)
FNDA:0,(anonymous_11)
FNDA:0,(anonymous_12)
FNDA:0,(anonymous_13)
FNDA:0,(anonymous_14)
FNDA:0,(anonymous_15)
FNDA:0,(anonymous_16)
DA:1,0
DA:3,0
DA:6,0
DA:7,0
DA:9,0
DA:18,0
DA:21,0
DA:22,0
DA:27,0
DA:28,0
DA:29,0
DA:30,0
DA:31,0
DA:35,0
DA:39,0
DA:43,0
DA:49,0
DA:53,0
DA:55,0
DA:56,0
DA:59,0
DA:60,0
DA:61,0
DA:62,0
DA:63,0
DA:64,0
DA:65,0
DA:67,0
DA:70,0
DA:74,0
DA:76,0
DA:77,0
DA:78,0
DA:80,0
DA:84,0
DA:86,0
DA:87,0
DA:88,0
DA:90,0
DA:93,0
DA:94,0
DA:95,0
DA:96,0
DA:97,0
DA:98,0
DA:100,0
DA:101,0
DA:105,0
DA:106,0
DA:107,0
DA:108,0
DA:111,0
DA:112,0
DA:117,0
DA:118,0
DA:119,0
DA:121,0
DA:123,0
DA:124,0
DA:130,0
LF:60
LH:0
BRDA:6,0,0,0
BRDA:6,0,1,0
BRDA:35,1,0,0
BRDA:35,1,1,0
BRDA:35,2,0,0
BRDA:35,2,1,0
BRDA:41,3,0,0
BRDA:41,3,1,0
BRDA:41,4,0,0
BRDA:41,4,1,0
BRDA:42,5,0,0
BRDA:42,5,1,0
BRDA:43,6,0,0
BRDA:43,6,1,0
BRDA:53,7,0,0
BRDA:53,7,1,0
BRDA:55,8,0,0
BRDA:55,8,1,0
BRDA:56,9,0,0
BRDA:56,9,1,0
BRDA:63,10,0,0
BRDA:63,10,1,0
BRDA:64,11,0,0
BRDA:64,11,1,0
BRDA:67,12,0,0
BRDA:67,12,1,0
BRDA:77,13,0,0
BRDA:77,13,1,0
BRDA:77,14,0,0
BRDA:77,14,1,0
BRDA:87,15,0,0
BRDA:87,15,1,0
BRDA:87,16,0,0
BRDA:87,16,1,0
BRDA:97,17,0,0
BRDA:97,17,1,0
BRDA:107,18,0,0
BRDA:107,18,1,0
BRDA:107,19,0,0
BRDA:107,19,1,0
BRDA:124,20,0,0
BRDA:124,20,1,0
BRF:42
BRH:0
end_of_record
TN:
SF:/Users/gziolo/PhpstormProjects/wp-calypso/server/config/index.js
FNF:0
FNH:0
DA:4,2
DA:5,2
DA:6,2
DA:8,2
DA:13,2
DA:15,2
DA:16,2
LF:7
LH:7
BRDA:9,0,0,2
BRDA:9,0,1,2
BRDA:9,0,2,0
BRF:3
BRH:2
end_of_record
TN:
SF:/Users/gziolo/PhpstormProjects/wp-calypso/server/config/parser.js
FN:11,getDataFromFile
FN:24,(anonymous_1)
FN:40,(anonymous_2)
FN:45,(anonymous_3)
FN:49,(anonymous_4)
FNF:5
FNH:5
FNDA:28,getDataFromFile
FNDA:7,(anonymous_1)
FNDA:21,(anonymous_2)
FNDA:1,(anonymous_3)
FNDA:1,(anonymous_4)
DA:6,3
DA:7,3
DA:8,3
DA:9,3
DA:12,28
DA:14,28
DA:15,16
DA:16,16
DA:18,12
DA:21,28
DA:24,3
DA:25,7
DA:28,7
DA:29,7
DA:34,7
DA:35,7
DA:36,7
DA:37,7
DA:38,7
DA:40,7
DA:41,21
DA:44,7
DA:45,5
DA:46,1
DA:47,1
DA:49,5
DA:50,1
DA:51,1
DA:55,7
DA:56,7
DA:58,7
LF:31
LH:31
BRDA:14,0,0,16
BRDA:14,0,1,12
BRDA:36,1,0,3
BRDA:36,1,1,4
BRDA:37,2,0,1
BRDA:37,2,1,6
BRDA:38,3,0,1
BRDA:38,3,1,6
BRDA:44,4,0,5
BRDA:44,4,1,2
BRF:10
BRH:10
end_of_record
TN:
SF:/Users/gziolo/PhpstormProjects/wp-calypso/server/config/validate-config-keys.js
FN:1,_interopRequireDefault
FN:17,readConfigFile
FN:27,parseConfig
FN:32,(anonymous_3)
FN:33,(anonymous_4)
FN:34,(anonymous_5)
FN:35,(anonymous_6)
FN:36,(anonymous_7)
FN:49,(anonymous_8)
FN:50,(anonymous_9)
FNF:10
FNH:0
FNDA:0,_interopRequireDefault
FNDA:0,readConfigFile
FNDA:0,parseConfig
FNDA:0,(anonymous_3)
FNDA:0,(anonymous_4)
FNDA:0,(anonymous_5)
FNDA:0,(anonymous_6)
FNDA:0,(anonymous_7)
FNDA:0,(anonymous_8)
FNDA:0,(anonymous_9)
DA:1,0
DA:4,0
DA:5,0
DA:6,0
DA:9,0
DA:17,0
DA:27,0
DA:30,0
DA:32,0
DA:33,0
DA:34,0
DA:35,0
DA:36,0
DA:39,0
DA:49,0
DA:50,0
DA:51,0
DA:52,0
DA:60,0
LF:19
LH:0
BRDA:1,0,0,0
BRDA:1,0,1,0
BRDA:1,1,0,0
BRDA:1,1,1,0
BRDA:51,2,0,0
BRDA:51,2,1,0
BRF:6
BRH:0
end_of_record
TN:
SF:/Users/gziolo/PhpstormProjects/wp-calypso/server/devdocs/index.js
FN:21,_interopRequireDefault
FN:39,highlight
FN:54,queryDocs
FN:55,(anonymous_3)
FN:72,listDocs
FN:73,(anonymous_5)
FN:74,(anonymous_6)
FN:100,makeSnippet
FN:103,(anonymous_8)
FN:135,escapeRegexString
FN:146,defaultSnippet
FN:160,reduceComponentsUsageStats
FN:162,(anonymous_12)
FN:166,(anonymous_13)
FN:173,(anonymous_14)
FN:177,(anonymous_15)
FN:187,(anonymous_16)
FN:203,(anonymous_17)
FN:219,(anonymous_18)
FN:252,(anonymous_19)
FN:259,(anonymous_20)
FNF:21
FNH:0
FNDA:0,_interopRequireDefault
FNDA:0,highlight
FNDA:0,queryDocs
FNDA:0,(anonymous_3)
FNDA:0,listDocs
FNDA:0,(anonymous_5)
FNDA:0,(anonymous_6)
FNDA:0,makeSnippet
FNDA:0,(anonymous_8)
FNDA:0,escapeRegexString
FNDA:0,defaultSnippet
FNDA:0,reduceComponentsUsageStats
FNDA:0,(anonymous_12)
FNDA:0,(anonymous_13)
FNDA:0,(anonymous_14)
FNDA:0,(anonymous_15)
FNDA:0,(anonymous_16)
FNDA:0,(anonymous_17)
FNDA:0,(anonymous_18)
FNDA:0,(anonymous_19)
FNDA:0,(anonymous_20)
DA:1,0
DA:5,0
DA:6,0
DA:7,0
DA:8,0
DA:9,0
DA:11,0
DA:12,0
DA:13,0
DA:14,0
DA:19,0
DA:20,0
DA:21,0
DA:23,0
DA:24,0
DA:25,0
DA:26,0
DA:32,0
DA:35,0
DA:38,0
DA:40,0
DA:41,0
DA:55,0
DA:56,0
DA:57,0
DA:59,0
DA:73,0
DA:74,0
DA:76,0
DA:77,0
DA:84,0
DA:102,0
DA:103,0
DA:104,0
DA:105,0
DA:106,0
DA:107,0
DA:111,0
DA:112,0
DA:113,0
DA:114,0
DA:115,0
DA:117,0
DA:123,0
DA:124,0
DA:127,0
DA:137,0
DA:138,0
DA:147,0
DA:148,0
DA:161,0
DA:162,0
DA:167,0
DA:168,0
DA:169,0
DA:173,0
DA:174,0
DA:177,0
DA:178,0
DA:179,0
DA:180,0
DA:182,0
DA:187,0
DA:188,0
DA:190,0
DA:191,0
DA:196,0
DA:199,0
DA:203,0
DA:204,0
DA:206,0
DA:207,0
DA:212,0
DA:215,0
DA:219,0
DA:220,0
DA:222,0
DA:223,0
DA:226,0
DA:229,0
DA:230,0
DA:233,0
DA:234,0
DA:236,0
DA:239,0
DA:240,0
DA:243,0
DA:246,0
DA:248,0
DA:252,0
DA:253,0
DA:254,0
DA:259,0
DA:260,0
DA:261,0
DA:264,0
DA:266,0
LF:97
LH:0
BRDA:21,0,0,0
BRDA:21,0,1,0
BRDA:21,1,0,0
BRDA:21,1,1,0
BRDA:41,2,0,0
BRDA:41,2,1,0
BRDA:76,3,0,0
BRDA:76,3,1,0
BRDA:111,4,0,0
BRDA:111,4,1,0
BRDA:123,5,0,0
BRDA:123,5,1,0
BRDA:163,6,0,0
BRDA:163,6,1,0
BRDA:178,7,0,0
BRDA:178,7,1,0
BRDA:190,8,0,0
BRDA:190,8,1,0
BRDA:206,9,0,0
BRDA:206,9,1,0
BRDA:222,10,0,0
BRDA:222,10,1,0
BRDA:229,11,0,0
BRDA:229,11,1,0
BRDA:239,12,0,0
BRDA:239,12,1,0
BRDA:239,13,0,0
BRDA:239,13,1,0
BRF:28
BRH:0
end_of_record
TN:
SF:/Users/gziolo/PhpstormProjects/wp-calypso/server/devdocs/search-index.js
FNF:0
FNH:0
DA:1,0
LF:1
LH:0
BRF:0
BRH:0
end_of_record
TN:
SF:/Users/gziolo/PhpstormProjects/wp-calypso/server/devdocs/__integration__/index.js
FN:1,(anonymous_0)
FN:2,isEnabled
FN:4,(anonymous_2)
FN:10,(anonymous_3)
FN:13,(anonymous_4)
FN:15,load
FN:24,_interopRequireDefault
FN:43,getComponentsUsageStats
FN:47,getDocument
FN:58,(anonymous_9)
FN:63,(anonymous_10)
FN:66,(anonymous_11)
FN:72,(anonymous_12)
FN:76,(anonymous_13)
FN:77,(anonymous_14)
FN:85,(anonymous_15)
FN:89,(anonymous_16)
FN:98,(anonymous_17)
FN:99,(anonymous_18)
FN:107,(anonymous_19)
FN:117,(anonymous_20)
FN:126,(anonymous_21)
FN:127,(anonymous_22)
FN:135,(anonymous_23)
FN:136,(anonymous_24)
FN:137,(anonymous_25)
FNF:26
FNH:0
FNDA:0,(anonymous_0)
FNDA:0,isEnabled
FNDA:0,(anonymous_2)
FNDA:0,(anonymous_3)
FNDA:0,(anonymous_4)
FNDA:0,load
FNDA:0,_interopRequireDefault
FNDA:0,getComponentsUsageStats
FNDA:0,getDocument
FNDA:0,(anonymous_9)
FNDA:0,(anonymous_10)
FNDA:0,(anonymous_11)
FNDA:0,(anonymous_12)
FNDA:0,(anonymous_13)
FNDA:0,(anonymous_14)
FNDA:0,(anonymous_15)
FNDA:0,(anonymous_16)
FNDA:0,(anonymous_17)
FNDA:0,(anonymous_18)
FNDA:0,(anonymous_19)
FNDA:0,(anonymous_20)
FNDA:0,(anonymous_21)
FNDA:0,(anonymous_22)
FNDA:0,(anonymous_23)
FNDA:0,(anonymous_24)
FNDA:0,(anonymous_25)
DA:1,0
DA:2,0
DA:4,0
DA:10,0
DA:13,0
DA:15,0
DA:22,0
DA:23,0
DA:24,0
DA:29,0
DA:44,0
DA:48,0
DA:49,0
DA:50,0
DA:53,0
DA:55,0
DA:59,0
DA:63,0
DA:64,0
DA:66,0
DA:67,0
DA:68,0
DA:69,0
DA:72,0
DA:73,0
DA:76,0
DA:77,0
DA:78,0
DA:79,0
DA:80,0
DA:81,0
DA:85,0
DA:86,0
DA:90,0
DA:91,0
DA:92,0
DA:93,0
DA:98,0
DA:99,0
DA:100,0
DA:101,0
DA:102,0
DA:103,0
DA:107,0
DA:108,0
DA:116,0
DA:117,0
DA:118,0
DA:119,0
DA:120,0
DA:121,0
DA:122,0
DA:126,0
DA:127,0
DA:128,0
DA:129,0
DA:130,0
DA:131,0
DA:135,0
DA:136,0
DA:137,0
DA:138,0
DA:139,0
DA:140,0
DA:141,0
DA:142,0
LF:66
LH:0
BRDA:24,0,0,0
BRDA:24,0,1,0
BRDA:24,1,0,0
BRDA:24,1,1,0
BRDA:48,2,0,0
BRDA:48,2,1,0
BRF:6
BRH:0
end_of_record
TN:
SF:/Users/gziolo/PhpstormProjects/wp-calypso/server/devdocs/bin/generate-components-usage-stats.js
FN:2,_interopRequireDefault
FN:27,main
FN:42,(anonymous_2)
FN:47,(anonymous_3)
FN:65,getModulesWithDependencies
FN:66,(anonymous_5)
FN:71,(anonymous_6)
FN:75,(anonymous_7)
FN:90,(anonymous_8)
FN:108,getDependencies
FN:112,addDependency
FN:122,(anonymous_11)
FN:126,(anonymous_12)
FN:130,(anonymous_13)
FN:147,generateUsageStats
FN:148,getCamelCasedDepName
FN:149,(anonymous_16)
FN:153,(anonymous_17)
FN:155,(anonymous_18)
FN:166,saveUsageStats
FN:180,jsFromJSON
FNF:21
FNH:0
FNDA:0,_interopRequireDefault
FNDA:0,main
FNDA:0,(anonymous_2)
FNDA:0,(anonymous_3)
FNDA:0,getModulesWithDependencies
FNDA:0,(anonymous_5)
FNDA:0,(anonymous_6)
FNDA:0,(anonymous_7)
FNDA:0,(anonymous_8)
FNDA:0,getDependencies
FNDA:0,addDependency
FNDA:0,(anonymous_11)
FNDA:0,(anonymous_12)
FNDA:0,(anonymous_13)
FNDA:0,generateUsageStats
FNDA:0,getCamelCasedDepName
FNDA:0,(anonymous_16)
FNDA:0,(anonymous_17)
FNDA:0,(anonymous_18)
FNDA:0,saveUsageStats
FNDA:0,jsFromJSON
DA:2,0
DA:10,0
DA:11,0
DA:12,0
DA:13,0
DA:14,0
DA:15,0
DA:16,0
DA:19,0
DA:28,0
DA:29,0
DA:31,0
DA:32,0
DA:33,0
DA:36,0
DA:37,0
DA:38,0
DA:41,0
DA:43,0
DA:44,0
DA:45,0
DA:48,0
DA:49,0
DA:66,0
DA:67,0
DA:69,0
DA:72,0
DA:78,0
DA:79,0
DA:82,0
DA:83,0
DA:84,0
DA:86,0
DA:91,0
DA:92,0
DA:95,0
DA:109,0
DA:110,0
DA:113,0
DA:114,0
DA:115,0
DA:119,0
DA:123,0
DA:124,0
DA:127,0
DA:128,0
DA:131,0
DA:134,0
DA:149,0
DA:150,0
DA:153,0
DA:154,0
DA:155,0
DA:156,0
DA:157,0
DA:158,0
DA:160,0
DA:162,0
DA:167,0
DA:168,0
DA:183,0
DA:186,0
LF:62
LH:0
BRDA:2,0,0,0
BRDA:2,0,1,0
BRDA:2,1,0,0
BRDA:2,1,1,0
BRDA:31,2,0,0
BRDA:31,2,1,0
BRDA:36,3,0,0
BRDA:36,3,1,0
BRDA:78,4,0,0
BRDA:78,4,1,0
BRDA:83,5,0,0
BRDA:83,5,1,0
BRDA:91,6,0,0
BRDA:91,6,1,0
BRDA:113,7,0,0
BRDA:113,7,1,0
BRDA:157,8,0,0
BRDA:157,8,1,0
BRF:18
BRH:0
end_of_record
TN:
SF:/Users/gziolo/PhpstormProjects/wp-calypso/server/devdocs/bin/generate-proptypes-index.js
FN:2,_interopRequireDefault
FN:28,parseDocblock
FN:40,getComments
FN:46,(anonymous_3)
FN:51,(anonymous_4)
FN:67,commentHandler
FN:81,(anonymous_6)
FN:105,readFile
FN:114,processFile
FN:137,parseDocument
FN:161,createIndex
FN:162,(anonymous_11)
FN:177,writeFile
FN:181,(anonymous_13)
FNF:14
FNH:0
FNDA:0,_interopRequireDefault
FNDA:0,parseDocblock
FNDA:0,getComments
FNDA:0,(anonymous_3)
FNDA:0,(anonymous_4)
FNDA:0,commentHandler
FNDA:0,(anonymous_6)
FNDA:0,readFile
FNDA:0,processFile
FNDA:0,parseDocument
FNDA:0,createIndex
FNDA:0,(anonymous_11)
FNDA:0,writeFile
FNDA:0,(anonymous_13)
DA:2,0
DA:8,0
DA:13,0
DA:14,0
DA:15,0
DA:16,0
DA:17,0
DA:18,0
DA:19,0
DA:21,0
DA:22,0
DA:29,0
DA:30,0
DA:31,0
DA:33,0
DA:41,0
DA:43,0
DA:45,0
DA:46,0
DA:48,0
DA:50,0
DA:51,0
DA:55,0
DA:56,0
DA:59,0
DA:69,0
DA:70,0
DA:71,0
DA:75,0
DA:76,0
DA:77,0
DA:81,0
DA:83,0
DA:84,0
DA:88,0
DA:89,0
DA:91,0
DA:92,0
DA:96,0
DA:105,0
DA:106,0
DA:114,0
DA:115,0
DA:116,0
DA:117,0
DA:118,0
DA:119,0
DA:120,0
DA:121,0
DA:122,0
DA:127,0
DA:129,0
DA:137,0
DA:138,0
DA:139,0
DA:140,0
DA:141,0
DA:142,0
DA:146,0
DA:147,0
DA:149,0
DA:152,0
DA:161,0
DA:162,0
DA:163,0
DA:164,0
DA:167,0
DA:169,0
DA:177,0
DA:178,0
DA:181,0
DA:182,0
DA:183,0
DA:185,0
DA:186,0
DA:187,0
DA:190,0
DA:195,0
DA:197,0
DA:198,0
LF:80
LH:0
BRDA:2,0,0,0
BRDA:2,0,1,0
BRDA:2,1,0,0
BRDA:2,1,1,0
BRDA:43,2,0,0
BRDA:43,2,1,0
BRDA:48,3,0,0
BRDA:48,3,1,0
BRDA:55,4,0,0
BRDA:55,4,1,0
BRDA:70,5,0,0
BRDA:70,5,1,0
BRDA:76,6,0,0
BRDA:76,6,1,0
BRDA:76,7,0,0
BRDA:76,7,1,0
BRDA:83,8,0,0
BRDA:83,8,1,0
BRDA:91,9,0,0
BRDA:91,9,1,0
BRDA:91,10,0,0
BRDA:91,10,1,0
BRDA:96,11,0,0
BRDA:96,11,1,0
BRDA:117,12,0,0
BRDA:117,12,1,0
BRDA:120,13,0,0
BRDA:120,13,1,0
BRDA:141,14,0,0
BRDA:141,14,1,0
BRDA:163,15,0,0
BRDA:163,15,1,0
BRDA:169,16,0,0
BRDA:169,16,1,0
BRDA:185,17,0,0
BRDA:185,17,1,0
BRF:36
BRH:0
end_of_record
TN:
SF:/Users/gziolo/PhpstormProjects/wp-calypso/server/devdocs/selectors/index.js
FN:1,_interopRequireDefault
FN:26,parseSelectorFile
FN:27,(anonymous_2)
FN:28,(anonymous_3)
FN:37,(anonymous_4)
FN:50,prime
FN:55,(anonymous_6)
FN:56,(anonymous_7)
FN:62,(anonymous_8)
FN:64,(anonymous_9)
FN:66,(anonymous_10)
FN:81,(anonymous_11)
FN:87,(anonymous_12)
FN:88,(anonymous_13)
FN:97,(anonymous_14)
FNF:15
FNH:0
FNDA:0,_interopRequireDefault
FNDA:0,parseSelectorFile
FNDA:0,(anonymous_2)
FNDA:0,(anonymous_3)
FNDA:0,(anonymous_4)
FNDA:0,prime
FNDA:0,(anonymous_6)
FNDA:0,(anonymous_7)
FNDA:0,(anonymous_8)
FNDA:0,(anonymous_9)
FNDA:0,(anonymous_10)
FNDA:0,(anonymous_11)
FNDA:0,(anonymous_12)
FNDA:0,(anonymous_13)
FNDA:0,(anonymous_14)
DA:1,0
DA:4,0
DA:5,0
DA:6,0
DA:7,0
DA:8,0
DA:9,0
DA:10,0
DA:16,0
DA:17,0
DA:23,0
DA:24,0
DA:27,0
DA:28,0
DA:29,0
DA:30,0
DA:33,0
DA:37,0
DA:38,0
DA:39,0
DA:40,0
DA:41,0
DA:45,0
DA:51,0
DA:52,0
DA:55,0
DA:56,0
DA:57,0
DA:58,0
DA:62,0
DA:64,0
DA:66,0
DA:68,0
DA:82,0
DA:83,0
DA:87,0
DA:88,0
DA:89,0
DA:90,0
DA:91,0
DA:93,0
DA:96,0
DA:98,0
DA:102,0
DA:103,0
LF:45
LH:0
BRDA:1,0,0,0
BRDA:1,0,1,0
BRDA:1,1,0,0
BRDA:1,1,1,0
BRDA:29,2,0,0
BRDA:29,2,1,0
BRDA:39,3,0,0
BRDA:39,3,1,0
BRDA:51,4,0,0
BRDA:51,4,1,0
BRDA:57,5,0,0
BRDA:57,5,1,0
BRDA:62,6,0,0
BRDA:62,6,1,0
BRDA:90,7,0,0
BRDA:90,7,1,0
BRF:16
BRH:0
end_of_record
TN:
SF:/Users/gziolo/PhpstormProjects/wp-calypso/server/isomorphic-routing/index.js
FN:7,_interopRequireDefault
FN:9,serverRouter
FN:9,(anonymous_2)
FN:16,(anonymous_3)
FN:21,(anonymous_4)
FN:40,combineMiddlewares
FN:41,(anonymous_6)
FN:43,(anonymous_7)
FN:50,getEnhancedContext
FN:65,applyMiddlewares
FN:66,(anonymous_10)
FN:66,(anonymous_11)
FN:66,(anonymous_12)
FN:75,compose
FN:76,(anonymous_14)
FN:77,(anonymous_15)
FN:78,(anonymous_16)
FNF:17
FNH:0
FNDA:0,_interopRequireDefault
FNDA:0,serverRouter
FNDA:0,(anonymous_2)
FNDA:0,(anonymous_3)
FNDA:0,(anonymous_4)
FNDA:0,combineMiddlewares
FNDA:0,(anonymous_6)
FNDA:0,(anonymous_7)
FNDA:0,getEnhancedContext
FNDA:0,applyMiddlewares
FNDA:0,(anonymous_10)
FNDA:0,(anonymous_11)
FNDA:0,(anonymous_12)
FNDA:0,compose
FNDA:0,(anonymous_14)
FNDA:0,(anonymous_15)
FNDA:0,(anonymous_16)
DA:1,0
DA:7,0
DA:9,0
DA:15,0
DA:17,0
DA:22,0
DA:23,0
DA:27,0
DA:40,0
DA:41,0
DA:42,0
DA:43,0
DA:44,0
DA:51,0
DA:65,0
DA:66,0
DA:67,0
DA:68,0
DA:70,0
DA:73,0
DA:75,0
DA:76,0
DA:77,0
LF:23
LH:0
BRDA:7,0,0,0
BRDA:7,0,1,0
BRDA:7,1,0,0
BRDA:7,1,1,0
BRDA:9,2,0,0
BRDA:9,2,1,0
BRDA:9,3,0,0
BRDA:9,3,1,0
BRDA:9,3,2,0
BRDA:67,4,0,0
BRDA:67,4,1,0
BRF:11
BRH:0
end_of_record
TN:
SF:/Users/gziolo/PhpstormProjects/wp-calypso/server/isomorphic-routing/loader.js
FN:1,_interopRequireDefault
FN:1,getSectionsModule
FN:3,(anonymous_2)
FN:25,(anonymous_3)
FNF:4
FNH:0
FNDA:0,_interopRequireDefault
FNDA:0,getSectionsModule
FNDA:0,(anonymous_2)
FNDA:0,(anonymous_3)
DA:1,0
DA:2,0
DA:3,0
DA:4,0
DA:5,0
DA:9,0
DA:25,0
DA:28,0
DA:30,0
DA:32,0
DA:33,0
DA:34,0
DA:37,0
LF:13
LH:0
BRDA:1,0,0,0
BRDA:1,0,1,0
BRDA:1,1,0,0
BRDA:1,1,1,0
BRDA:4,2,0,0
BRDA:4,2,1,0
BRDA:28,3,0,0
BRDA:28,3,1,0
BRDA:32,4,0,0
BRDA:32,4,1,0
BRF:10
BRH:0
end_of_record
TN:
SF:/Users/gziolo/PhpstormProjects/wp-calypso/server/pages/index.js
FN:24,_interopRequireDefault
FN:44,getInitialServerState
FN:55,hashFile
FN:77,generateStaticUrls
FN:80,getUrl
FN:86,(anonymous_5)
FN:95,(anonymous_6)
FN:106,getCurrentBranchName
FN:114,getCurrentCommitShortChecksum
FN:122,getDefaultContext
FN:188,setUpLoggedOutRoute
FN:197,setUpLoggedInRoute
FN:225,(anonymous_12)
FN:286,setUpRoute
FN:295,render404
FN:301,(anonymous_15)
FN:309,(anonymous_16)
FN:318,(anonymous_17)
FN:335,(anonymous_18)
FN:343,(anonymous_19)
FN:359,(anonymous_20)
FN:366,(anonymous_21)
FN:367,(anonymous_22)
FN:368,(anonymous_23)
FN:371,(anonymous_24)
FN:397,(anonymous_25)
FNF:26
FNH:0
FNDA:0,_interopRequireDefault
FNDA:0,getInitialServerState
FNDA:0,hashFile
FNDA:0,generateStaticUrls
FNDA:0,getUrl
FNDA:0,(anonymous_5)
FNDA:0,(anonymous_6)
FNDA:0,getCurrentBranchName
FNDA:0,getCurrentCommitShortChecksum
FNDA:0,getDefaultContext
FNDA:0,setUpLoggedOutRoute
FNDA:0,setUpLoggedInRoute
FNDA:0,(anonymous_12)
FNDA:0,setUpRoute
FNDA:0,render404
FNDA:0,(anonymous_15)
FNDA:0,(anonymous_16)
FNDA:0,(anonymous_17)
FNDA:0,(anonymous_18)
FNDA:0,(anonymous_19)
FNDA:0,(anonymous_20)
FNDA:0,(anonymous_21)
FNDA:0,(anonymous_22)
FNDA:0,(anonymous_23)
FNDA:0,(anonymous_24)
FNDA:0,(anonymous_25)
DA:1,0
DA:4,0
DA:5,0
DA:6,0
DA:7,0
DA:8,0
DA:9,0
DA:10,0
DA:16,0
DA:17,0
DA:18,0
DA:19,0
DA:20,0
DA:21,0
DA:22,0
DA:23,0
DA:24,0
DA:26,0
DA:28,0
DA:29,0
DA:30,0
DA:31,0
DA:33,0
DA:41,0
DA:46,0
DA:47,0
DA:56,0
DA:57,0
DA:59,0
DA:60,0
DA:61,0
DA:62,0
DA:63,0
DA:65,0
DA:68,0
DA:78,0
DA:81,0
DA:86,0
DA:87,0
DA:88,0
DA:90,0
DA:93,0
DA:95,0
DA:96,0
DA:97,0
DA:98,0
DA:99,0
DA:103,0
DA:107,0
DA:108,0
DA:110,0
DA:115,0
DA:116,0
DA:118,0
DA:123,0
DA:125,0
DA:127,0
DA:128,0
DA:131,0
DA:149,0
DA:157,0
DA:158,0
DA:159,0
DA:160,0
DA:161,0
DA:164,0
DA:165,0
DA:166,0
DA:167,0
DA:170,0
DA:171,0
DA:172,0
DA:173,0
DA:176,0
DA:177,0
DA:178,0
DA:179,0
DA:180,0
DA:181,0
DA:182,0
DA:185,0
DA:189,0
DA:190,0
DA:194,0
DA:198,0
DA:200,0
DA:204,0
DA:206,0
DA:207,0
DA:209,0
DA:211,0
DA:217,0
DA:218,0
DA:219,0
DA:220,0
DA:222,0
DA:224,0
DA:225,0
DA:226,0
DA:228,0
DA:229,0
DA:230,0
DA:231,0
DA:233,0
DA:234,0
DA:236,0
DA:239,0
DA:241,0
DA:244,0
DA:247,0
DA:249,0
DA:250,0
DA:251,0
DA:253,0
DA:254,0
DA:257,0
DA:258,0
DA:259,0
DA:260,0
DA:261,0
DA:264,0
DA:265,0
DA:266,0
DA:267,0
DA:270,0
DA:271,0
DA:272,0
DA:273,0
DA:277,0
DA:278,0
DA:281,0
DA:282,0
DA:287,0
DA:289,0
DA:291,0
DA:296,0
DA:301,0
DA:302,0
DA:304,0
DA:306,0
DA:309,0
DA:310,0
DA:311,0
DA:313,0
DA:318,0
DA:319,0
DA:320,0
DA:322,0
DA:323,0
DA:324,0
DA:326,0
DA:327,0
DA:329,0
DA:331,0
DA:334,0
DA:335,0
DA:336,0
DA:337,0
DA:339,0
DA:343,0
DA:344,0
DA:345,0
DA:346,0
DA:347,0
DA:349,0
DA:352,0
DA:359,0
DA:360,0
DA:361,0
DA:362,0
DA:365,0
DA:366,0
DA:368,0
DA:369,0
DA:371,0
DA:372,0
DA:373,0
DA:376,0
DA:377,0
DA:380,0
DA:381,0
DA:384,0
DA:387,0
DA:388,0
DA:392,0
DA:393,0
DA:397,0
DA:398,0
DA:399,0
DA:400,0
DA:401,0
DA:405,0
DA:412,0
DA:414,0
LF:194
LH:0
BRDA:24,0,0,0
BRDA:24,0,1,0
BRDA:24,1,0,0
BRDA:24,1,1,0
BRDA:87,2,0,0
BRDA:87,2,1,0
BRDA:98,3,0,0
BRDA:98,3,1,0
BRDA:125,4,0,0
BRDA:125,4,1,0
BRDA:127,5,0,0
BRDA:127,5,1,0
BRDA:132,6,0,0
BRDA:132,6,1,0
BRDA:138,7,0,0
BRDA:138,7,1,0
BRDA:151,8,0,0
BRDA:151,8,1,0
BRDA:152,9,0,0
BRDA:152,9,1,0
BRDA:157,10,0,0
BRDA:157,10,1,0
BRDA:164,11,0,0
BRDA:164,11,1,0
BRDA:170,12,0,0
BRDA:170,12,1,0
BRDA:176,13,0,0
BRDA:176,13,1,0
BRDA:206,14,0,0
BRDA:206,14,1,0
BRDA:209,15,0,0
BRDA:209,15,1,0
BRDA:217,16,0,0
BRDA:217,16,1,0
BRDA:228,17,0,0
BRDA:228,17,1,0
BRDA:229,18,0,0
BRDA:229,18,1,0
BRDA:233,19,0,0
BRDA:233,19,1,0
BRDA:251,20,0,0
BRDA:251,20,1,0
BRDA:253,21,0,0
BRDA:253,21,1,0
BRDA:257,22,0,0
BRDA:257,22,1,0
BRDA:257,23,0,0
BRDA:257,23,1,0
BRDA:258,24,0,0
BRDA:258,24,1,0
BRDA:259,25,0,0
BRDA:259,25,1,0
BRDA:264,26,0,0
BRDA:264,26,1,0
BRDA:270,27,0,0
BRDA:270,27,1,0
BRDA:287,28,0,0
BRDA:287,28,1,0
BRDA:310,29,0,0
BRDA:310,29,1,0
BRDA:322,30,0,0
BRDA:322,30,1,0
BRDA:326,31,0,0
BRDA:326,31,1,0
BRDA:334,32,0,0
BRDA:334,32,1,0
BRDA:336,33,0,0
BRDA:336,33,1,0
BRDA:344,34,0,0
BRDA:344,34,1,0
BRDA:345,35,0,0
BRDA:345,35,1,0
BRDA:346,36,0,0
BRDA:346,36,1,0
BRDA:346,37,0,0
BRDA:346,37,1,0
BRDA:366,38,0,0
BRDA:366,38,1,0
BRDA:372,39,0,0
BRDA:372,39,1,0
BRDA:376,40,0,0
BRDA:376,40,1,0
BRDA:376,41,0,0
BRDA:376,41,1,0
BRDA:380,42,0,0
BRDA:380,42,1,0
BRDA:380,43,0,0
BRDA:380,43,1,0
BRDA:387,44,0,0
BRDA:387,44,1,0
BRDA:388,45,0,0
BRDA:388,45,1,0
BRDA:392,46,0,0
BRDA:392,46,1,0
BRDA:401,47,0,0
BRDA:401,47,1,0
BRF:96
BRH:0
end_of_record
TN:
SF:/Users/gziolo/PhpstormProjects/wp-calypso/server/render/index.js
FN:77,_interopRequireDefault
FN:81,bumpStat
FN:88,render
FN:90,serverRender
FNF:4
FNH:0
FNDA:0,_interopRequireDefault
FNDA:0,bumpStat
FNDA:0,render
FNDA:0,serverRender
DA:1,0
DA:48,0
DA:77,0
DA:81,0
DA:88,0
DA:89,0
DA:90,0
DA:93,0
DA:94,0
DA:95,0
DA:97,0
DA:100,0
DA:101,0
DA:102,0
DA:103,0
DA:105,0
DA:107,0
DA:108,0
DA:112,0
DA:114,0
DA:116,0
DA:117,0
DA:121,0
DA:122,0
DA:124,0
DA:125,0
DA:127,0
LF:27
LH:0
BRDA:77,0,0,0
BRDA:77,0,1,0
BRDA:77,1,0,0
BRDA:77,1,1,0
BRDA:81,2,0,0
BRDA:81,2,1,0
BRDA:88,3,0,0
BRDA:88,3,1,0
BRDA:88,4,0,0
BRDA:88,4,1,0
BRDA:88,5,0,0
BRDA:88,5,1,0
BRDA:88,6,0,0
BRDA:88,6,1,0
BRDA:89,7,0,0
BRDA:89,7,1,0
BRDA:90,8,0,0
BRDA:90,8,1,0
BRDA:90,9,0,0
BRDA:90,9,1,0
BRDA:90,10,0,0
BRDA:90,10,1,0
BRDA:90,10,2,0
BRDA:90,10,3,0
BRDA:90,10,4,0
BRDA:94,11,0,0
BRDA:94,11,1,0
BRDA:100,12,0,0
BRDA:100,12,1,0
BRDA:107,13,0,0
BRDA:107,13,1,0
BRDA:107,14,0,0
BRDA:107,14,1,0
BRDA:114,15,0,0
BRDA:114,15,1,0
BRDA:124,16,0,0
BRDA:124,16,1,0
BRF:37
BRH:0
end_of_record
TN:
SF:/Users/gziolo/PhpstormProjects/wp-calypso/server/sanitize/index.js
FN:1,_interopRequireDefault
FN:12,jsSlashEncoder
FN:45,(anonymous_2)
FNF:3
FNH:0
FNDA:0,_interopRequireDefault
FNDA:0,jsSlashEncoder
FNDA:0,(anonymous_2)
DA:1,0
DA:13,0
DA:14,0
DA:16,0
DA:17,0
DA:18,0
DA:21,0
DA:25,0
DA:27,0
DA:29,0
DA:31,0
DA:36,0
DA:45,0
DA:46,0
DA:47,0
DA:48,0
LF:16
LH:0
BRDA:1,0,0,0
BRDA:1,0,1,0
BRDA:1,1,0,0
BRDA:1,1,1,0
BRDA:16,2,0,0
BRDA:16,2,1,0
BRDA:17,3,0,0
BRDA:17,3,1,0
BRDA:25,4,0,0
BRDA:25,4,1,0
BRDA:25,4,2,0
BRDA:25,4,3,0
BRF:12
BRH:0
end_of_record
TN:
SF:/Users/gziolo/PhpstormProjects/wp-calypso/server/state-cache/index.js
FN:4,_interopRequireDefault
FNF:1
FNH:0
FNDA:0,_interopRequireDefault
DA:1,0
DA:4,0
DA:6,0
DA:8,0
DA:9,0
DA:12,0
LF:6
LH:0
BRDA:4,0,0,0
BRDA:4,0,1,0
BRDA:4,1,0,0
BRDA:4,1,1,0
BRF:4
BRH:0
end_of_record
TN:
SF:/Users/gziolo/PhpstormProjects/wp-calypso/server/user-bootstrap/index.js
FN:15,(anonymous_0)
FN:33,(anonymous_1)
FNF:2
FNH:0
FNDA:0,(anonymous_0)
FNDA:0,(anonymous_1)
DA:1,0
DA:2,0
DA:3,0
DA:4,0
DA:6,0
DA:7,0
DA:8,0
DA:13,0
DA:15,0
DA:17,0
DA:20,0
DA:21,0
DA:22,0
DA:23,0
DA:24,0
DA:25,0
DA:26,0
DA:27,0
DA:28,0
DA:33,0
DA:36,0
DA:37,0
DA:40,0
DA:41,0
DA:43,0
DA:45,0
DA:46,0
DA:47,0
DA:48,0
DA:49,0
DA:52,0
DA:55,0
DA:56,0
LF:33
LH:0
BRDA:20,0,0,0
BRDA:20,0,1,0
BRDA:23,1,0,0
BRDA:23,1,1,0
BRDA:36,2,0,0
BRDA:36,2,1,0
BRDA:36,3,0,0
BRDA:36,3,1,0
BRDA:45,4,0,0
BRDA:45,4,1,0
BRF:10
BRH:0
end_of_record
TN:
SF:/Users/gziolo/PhpstormProjects/wp-calypso/server/user-bootstrap/shared-utils.js
FN:4,_interopRequireWildcard
FN:4,_interopRequireDefault
FNF:2
FNH:0
FNDA:0,_interopRequireWildcard
FNDA:0,_interopRequireDefault
DA:1,0
DA:4,0
DA:9,0
LF:3
LH:0
BRDA:4,0,0,0
BRDA:4,0,1,0
BRDA:4,1,0,0
BRDA:4,1,1,0
BRDA:4,2,0,0
BRDA:4,2,1,0
BRDA:4,3,0,0
BRDA:4,3,1,0
BRDA:4,4,0,0
BRDA:4,4,1,0
BRDA:4,5,0,0
BRDA:4,5,1,0
BRF:12
BRH:0
end_of_record
TN:
SF:/Users/gziolo/PhpstormProjects/wp-calypso/test/server/jest.config.ci.js
FN:1,_interopRequireDefault
FNF:1
FNH:0
FNDA:0,_interopRequireDefault
DA:1,0
LF:1
LH:0
BRDA:1,0,0,0
BRDA:1,0,1,0
BRDA:1,1,0,0
BRDA:1,1,1,0
BRF:4
BRH:0
end_of_record
TN:
SF:/Users/gziolo/PhpstormProjects/wp-calypso/test/server/jest.config.js
FNF:0
FNH:0
DA:1,0
LF:1
LH:0
BRF:0
BRH:0
end_of_record
